This file contains any messages produced by compilers while
running configure, to aid debugging if configure makes a mistake.

It was created by DHCP configure 4.4.1, which was
generated by GNU Autoconf 2.69.  Invocation command line was

  $ ./configure --prefix=/usr --sysconfdir=/etc/dhcp --localstatedir=/var --with-srv-lease-file=/var/lib/dhcpd/dhcpd.leases --with-srv6-lease-file=/var/lib/dhcpd/dhcpd6.leases --with-cli-lease-file=/var/lib/dhclient/dhclient.leases --with-cli6-lease-file=/var/lib/dhclient/dhclient6.leases

## --------- ##
## Platform. ##
## --------- ##

hostname = mycloud
uname -m = x86_64
uname -r = 3.16.0-23-generic
uname -s = Linux
uname -v = #31-Ubuntu SMP Tue Oct 21 17:56:17 UTC 2014

/usr/bin/uname -p = unknown
/bin/uname -X     = unknown

/bin/arch              = unknown
/usr/bin/arch -k       = unknown
/usr/convex/getsysinfo = unknown
/usr/bin/hostinfo      = unknown
/bin/machine           = unknown
/usr/bin/oslevel       = unknown
/bin/universe          = unknown

PATH: /usr/local/sbin
PATH: /usr/local/bin
PATH: /usr/sbin
PATH: /usr/bin
PATH: /sbin
PATH: /bin
PATH: /usr/games
PATH: /usr/local/games


## ----------- ##
## Core tests. ##
## ----------- ##

configure:2784: checking for a BSD-compatible install
configure:2852: result: /usr/bin/install -c
configure:2863: checking whether build environment is sane
configure:2918: result: yes
configure:3069: checking for a thread-safe mkdir -p
configure:3108: result: /bin/mkdir -p
configure:3115: checking for gawk
configure:3131: found /usr/bin/gawk
configure:3142: result: gawk
configure:3153: checking whether make sets $(MAKE)
configure:3175: result: yes
configure:3204: checking whether make supports nested variables
configure:3221: result: yes
configure:3354: checking whether to enable maintainer-specific portions of Makefiles
configure:3363: result: no
configure:3381: checking build system type
configure:3395: result: x86_64-unknown-linux-gnu
configure:3415: checking host system type
configure:3428: result: x86_64-unknown-linux-gnu
configure:3503: checking for gcc
configure:3519: found /usr/bin/gcc
configure:3530: result: gcc
configure:3759: checking for C compiler version
configure:3768: gcc --version >&5
gcc (Ubuntu 4.8.4-2ubuntu1~14.04.4) 4.8.4
Copyright (C) 2013 Free Software Foundation, Inc.
This is free software; see the source for copying conditions.  There is NO
warranty; not even for MERCHANTABILITY or FITNESS FOR A PARTICULAR PURPOSE.

configure:3779: $? = 0
configure:3768: gcc -v >&5
Using built-in specs.
COLLECT_GCC=gcc
COLLECT_LTO_WRAPPER=/usr/lib/gcc/x86_64-linux-gnu/4.8/lto-wrapper
Target: x86_64-linux-gnu
Configured with: ../src/configure -v --with-pkgversion='Ubuntu 4.8.4-2ubuntu1~14.04.4' --with-bugurl=file:///usr/share/doc/gcc-4.8/README.Bugs --enable-languages=c,c++,java,go,d,fortran,objc,obj-c++ --prefix=/usr --program-suffix=-4.8 --enable-shared --enable-linker-build-id --libexecdir=/usr/lib --without-included-gettext --enable-threads=posix --with-gxx-include-dir=/usr/include/c++/4.8 --libdir=/usr/lib --enable-nls --with-sysroot=/ --enable-clocale=gnu --enable-libstdcxx-debug --enable-libstdcxx-time=yes --enable-gnu-unique-object --disable-libmudflap --enable-plugin --with-system-zlib --disable-browser-plugin --enable-java-awt=gtk --enable-gtk-cairo --with-java-home=/usr/lib/jvm/java-1.5.0-gcj-4.8-amd64/jre --enable-java-home --with-jvm-root-dir=/usr/lib/jvm/java-1.5.0-gcj-4.8-amd64 --with-jvm-jar-dir=/usr/lib/jvm-exports/java-1.5.0-gcj-4.8-amd64 --with-arch-directory=amd64 --with-ecj-jar=/usr/share/java/eclipse-ecj.jar --enable-objc-gc --enable-multiarch --disable-werror --with-arch-32=i686 --with-abi=m64 --with-multilib-list=m32,m64,mx32 --with-tune=generic --enable-checking=release --build=x86_64-linux-gnu --host=x86_64-linux-gnu --target=x86_64-linux-gnu
Thread model: posix
gcc version 4.8.4 (Ubuntu 4.8.4-2ubuntu1~14.04.4) 
configure:3779: $? = 0
configure:3768: gcc -V >&5
gcc: error: unrecognized command line option '-V'
gcc: fatal error: no input files
compilation terminated.
configure:3779: $? = 4
configure:3768: gcc -qversion >&5
gcc: error: unrecognized command line option '-qversion'
gcc: fatal error: no input files
compilation terminated.
configure:3779: $? = 4
configure:3799: checking whether the C compiler works
configure:3821: gcc    conftest.c  >&5
configure:3825: $? = 0
configure:3873: result: yes
configure:3876: checking for C compiler default output file name
configure:3878: result: a.out
configure:3884: checking for suffix of executables
configure:3891: gcc -o conftest    conftest.c  >&5
configure:3895: $? = 0
configure:3917: result: 
configure:3939: checking whether we are cross compiling
configure:3947: gcc -o conftest    conftest.c  >&5
configure:3951: $? = 0
configure:3958: ./conftest
configure:3962: $? = 0
configure:3977: result: no
configure:3982: checking for suffix of object files
configure:4004: gcc -c   conftest.c >&5
configure:4008: $? = 0
configure:4029: result: o
configure:4033: checking whether we are using the GNU C compiler
configure:4052: gcc -c   conftest.c >&5
configure:4052: $? = 0
configure:4061: result: yes
configure:4070: checking whether gcc accepts -g
configure:4090: gcc -c -g  conftest.c >&5
configure:4090: $? = 0
configure:4131: result: yes
configure:4148: checking for gcc option to accept ISO C89
configure:4211: gcc  -c -g -O2  conftest.c >&5
configure:4211: $? = 0
configure:4224: result: none needed
configure:4249: checking whether gcc understands -c and -o together
configure:4271: gcc -c conftest.c -o conftest2.o
configure:4274: $? = 0
configure:4271: gcc -c conftest.c -o conftest2.o
configure:4274: $? = 0
configure:4286: result: yes
configure:4314: checking for style of include used by make
configure:4342: result: GNU
configure:4368: checking dependency style of gcc
configure:4479: result: gcc3
configure:4537: checking how to run the C preprocessor
configure:4568: gcc -E  conftest.c
configure:4568: $? = 0
configure:4582: gcc -E  conftest.c
conftest.c:11:28: fatal error: ac_nonexistent.h: No such file or directory
 #include <ac_nonexistent.h>
                            ^
compilation terminated.
configure:4582: $? = 1
configure: failed program was:
| /* confdefs.h */
| #define PACKAGE_NAME "DHCP"
| #define PACKAGE_TARNAME "dhcp"
| #define PACKAGE_VERSION "4.4.1"
| #define PACKAGE_STRING "DHCP 4.4.1"
| #define PACKAGE_BUGREPORT "dhcp-users@isc.org"
| #define PACKAGE_URL ""
| #define PACKAGE "dhcp"
| #define VERSION "4.4.1"
| /* end confdefs.h.  */
| #include <ac_nonexistent.h>
configure:4607: result: gcc -E
configure:4627: gcc -E  conftest.c
configure:4627: $? = 0
configure:4641: gcc -E  conftest.c
conftest.c:11:28: fatal error: ac_nonexistent.h: No such file or directory
 #include <ac_nonexistent.h>
                            ^
compilation terminated.
configure:4641: $? = 1
configure: failed program was:
| /* confdefs.h */
| #define PACKAGE_NAME "DHCP"
| #define PACKAGE_TARNAME "dhcp"
| #define PACKAGE_VERSION "4.4.1"
| #define PACKAGE_STRING "DHCP 4.4.1"
| #define PACKAGE_BUGREPORT "dhcp-users@isc.org"
| #define PACKAGE_URL ""
| #define PACKAGE "dhcp"
| #define VERSION "4.4.1"
| /* end confdefs.h.  */
| #include <ac_nonexistent.h>
configure:4670: checking for grep that handles long lines and -e
configure:4728: result: /bin/grep
configure:4733: checking for egrep
configure:4795: result: /bin/grep -E
configure:4800: checking for ANSI C header files
configure:4820: gcc -c -g -O2  conftest.c >&5
configure:4820: $? = 0
configure:4893: gcc -o conftest -g -O2   conftest.c  >&5
configure:4893: $? = 0
configure:4893: ./conftest
configure:4893: $? = 0
configure:4904: result: yes
configure:4917: checking for sys/types.h
configure:4917: gcc -c -g -O2  conftest.c >&5
configure:4917: $? = 0
configure:4917: result: yes
configure:4917: checking for sys/stat.h
configure:4917: gcc -c -g -O2  conftest.c >&5
configure:4917: $? = 0
configure:4917: result: yes
configure:4917: checking for stdlib.h
configure:4917: gcc -c -g -O2  conftest.c >&5
configure:4917: $? = 0
configure:4917: result: yes
configure:4917: checking for string.h
configure:4917: gcc -c -g -O2  conftest.c >&5
configure:4917: $? = 0
configure:4917: result: yes
configure:4917: checking for memory.h
configure:4917: gcc -c -g -O2  conftest.c >&5
configure:4917: $? = 0
configure:4917: result: yes
configure:4917: checking for strings.h
configure:4917: gcc -c -g -O2  conftest.c >&5
configure:4917: $? = 0
configure:4917: result: yes
configure:4917: checking for inttypes.h
configure:4917: gcc -c -g -O2  conftest.c >&5
configure:4917: $? = 0
configure:4917: result: yes
configure:4917: checking for stdint.h
configure:4917: gcc -c -g -O2  conftest.c >&5
configure:4917: $? = 0
configure:4917: result: yes
configure:4917: checking for unistd.h
configure:4917: gcc -c -g -O2  conftest.c >&5
configure:4917: $? = 0
configure:4917: result: yes
configure:4930: checking minix/config.h usability
configure:4930: gcc -c -g -O2  conftest.c >&5
conftest.c:54:26: fatal error: minix/config.h: No such file or directory
 #include <minix/config.h>
                          ^
compilation terminated.
configure:4930: $? = 1
configure: failed program was:
| /* confdefs.h */
| #define PACKAGE_NAME "DHCP"
| #define PACKAGE_TARNAME "dhcp"
| #define PACKAGE_VERSION "4.4.1"
| #define PACKAGE_STRING "DHCP 4.4.1"
| #define PACKAGE_BUGREPORT "dhcp-users@isc.org"
| #define PACKAGE_URL ""
| #define PACKAGE "dhcp"
| #define VERSION "4.4.1"
| #define STDC_HEADERS 1
| #define HAVE_SYS_TYPES_H 1
| #define HAVE_SYS_STAT_H 1
| #define HAVE_STDLIB_H 1
| #define HAVE_STRING_H 1
| #define HAVE_MEMORY_H 1
| #define HAVE_STRINGS_H 1
| #define HAVE_INTTYPES_H 1
| #define HAVE_STDINT_H 1
| #define HAVE_UNISTD_H 1
| /* end confdefs.h.  */
| #include <stdio.h>
| #ifdef HAVE_SYS_TYPES_H
| # include <sys/types.h>
| #endif
| #ifdef HAVE_SYS_STAT_H
| # include <sys/stat.h>
| #endif
| #ifdef STDC_HEADERS
| # include <stdlib.h>
| # include <stddef.h>
| #else
| # ifdef HAVE_STDLIB_H
| #  include <stdlib.h>
| # endif
| #endif
| #ifdef HAVE_STRING_H
| # if !defined STDC_HEADERS && defined HAVE_MEMORY_H
| #  include <memory.h>
| # endif
| # include <string.h>
| #endif
| #ifdef HAVE_STRINGS_H
| # include <strings.h>
| #endif
| #ifdef HAVE_INTTYPES_H
| # include <inttypes.h>
| #endif
| #ifdef HAVE_STDINT_H
| # include <stdint.h>
| #endif
| #ifdef HAVE_UNISTD_H
| # include <unistd.h>
| #endif
| #include <minix/config.h>
configure:4930: result: no
configure:4930: checking minix/config.h presence
configure:4930: gcc -E  conftest.c
conftest.c:21:26: fatal error: minix/config.h: No such file or directory
 #include <minix/config.h>
                          ^
compilation terminated.
configure:4930: $? = 1
configure: failed program was:
| /* confdefs.h */
| #define PACKAGE_NAME "DHCP"
| #define PACKAGE_TARNAME "dhcp"
| #define PACKAGE_VERSION "4.4.1"
| #define PACKAGE_STRING "DHCP 4.4.1"
| #define PACKAGE_BUGREPORT "dhcp-users@isc.org"
| #define PACKAGE_URL ""
| #define PACKAGE "dhcp"
| #define VERSION "4.4.1"
| #define STDC_HEADERS 1
| #define HAVE_SYS_TYPES_H 1
| #define HAVE_SYS_STAT_H 1
| #define HAVE_STDLIB_H 1
| #define HAVE_STRING_H 1
| #define HAVE_MEMORY_H 1
| #define HAVE_STRINGS_H 1
| #define HAVE_INTTYPES_H 1
| #define HAVE_STDINT_H 1
| #define HAVE_UNISTD_H 1
| /* end confdefs.h.  */
| #include <minix/config.h>
configure:4930: result: no
configure:4930: checking for minix/config.h
configure:4930: result: no
configure:4951: checking whether it is safe to define __EXTENSIONS__
configure:4969: gcc -c -g -O2  conftest.c >&5
configure:4969: $? = 0
configure:4976: result: yes
configure:5034: checking for ranlib
configure:5050: found /usr/bin/ranlib
configure:5061: result: ranlib
configure:5086: checking for ar
configure:5104: found /usr/bin/ar
configure:5116: result: /usr/bin/ar
configure:5136: checking whether byte ordering is bigendian
configure:5151: gcc -c -g -O2  conftest.c >&5
conftest.c:27:9: error: unknown type name 'not'
         not a universal capable compiler
         ^
conftest.c:27:15: error: expected '=', ',', ';', 'asm' or '__attribute__' before 'universal'
         not a universal capable compiler
               ^
conftest.c:27:15: error: unknown type name 'universal'
configure:5151: $? = 1
configure: failed program was:
| /* confdefs.h */
| #define PACKAGE_NAME "DHCP"
| #define PACKAGE_TARNAME "dhcp"
| #define PACKAGE_VERSION "4.4.1"
| #define PACKAGE_STRING "DHCP 4.4.1"
| #define PACKAGE_BUGREPORT "dhcp-users@isc.org"
| #define PACKAGE_URL ""
| #define PACKAGE "dhcp"
| #define VERSION "4.4.1"
| #define STDC_HEADERS 1
| #define HAVE_SYS_TYPES_H 1
| #define HAVE_SYS_STAT_H 1
| #define HAVE_STDLIB_H 1
| #define HAVE_STRING_H 1
| #define HAVE_MEMORY_H 1
| #define HAVE_STRINGS_H 1
| #define HAVE_INTTYPES_H 1
| #define HAVE_STDINT_H 1
| #define HAVE_UNISTD_H 1
| #define __EXTENSIONS__ 1
| #define _ALL_SOURCE 1
| #define _GNU_SOURCE 1
| #define _POSIX_PTHREAD_SEMANTICS 1
| #define _TANDEM_SOURCE 1
| /* end confdefs.h.  */
| #ifndef __APPLE_CC__
| 	       not a universal capable compiler
| 	     #endif
| 	     typedef int dummy;
| 
configure:5196: gcc -c -g -O2  conftest.c >&5
configure:5196: $? = 0
configure:5214: gcc -c -g -O2  conftest.c >&5
conftest.c: In function 'main':
conftest.c:33:4: error: unknown type name 'not'
    not big endian
    ^
conftest.c:33:12: error: expected '=', ',', ';', 'asm' or '__attribute__' before 'endian'
    not big endian
            ^
configure:5214: $? = 1
configure: failed program was:
| /* confdefs.h */
| #define PACKAGE_NAME "DHCP"
| #define PACKAGE_TARNAME "dhcp"
| #define PACKAGE_VERSION "4.4.1"
| #define PACKAGE_STRING "DHCP 4.4.1"
| #define PACKAGE_BUGREPORT "dhcp-users@isc.org"
| #define PACKAGE_URL ""
| #define PACKAGE "dhcp"
| #define VERSION "4.4.1"
| #define STDC_HEADERS 1
| #define HAVE_SYS_TYPES_H 1
| #define HAVE_SYS_STAT_H 1
| #define HAVE_STDLIB_H 1
| #define HAVE_STRING_H 1
| #define HAVE_MEMORY_H 1
| #define HAVE_STRINGS_H 1
| #define HAVE_INTTYPES_H 1
| #define HAVE_STDINT_H 1
| #define HAVE_UNISTD_H 1
| #define __EXTENSIONS__ 1
| #define _ALL_SOURCE 1
| #define _GNU_SOURCE 1
| #define _POSIX_PTHREAD_SEMANTICS 1
| #define _TANDEM_SOURCE 1
| /* end confdefs.h.  */
| #include <sys/types.h>
| 		#include <sys/param.h>
| 
| int
| main ()
| {
| #if BYTE_ORDER != BIG_ENDIAN
| 		 not big endian
| 		#endif
| 
|   ;
|   return 0;
| }
configure:5342: result: no
configure:5855: checking for dhcpd.leases location
configure:5878: result: /var/lib/dhcpd/dhcpd.leases
configure:5892: checking for dhcpd6.leases location
configure:5915: result: /var/lib/dhcpd/dhcpd6.leases
configure:5929: checking for dhclient.leases location
configure:5952: result: /var/lib/dhclient/dhclient.leases
configure:5966: checking for dhclient6.leases location
configure:5989: result: /var/lib/dhclient/dhclient6.leases
configure:6054: checking for int8_t
configure:6054: gcc -c -g -O2  conftest.c >&5
configure:6054: $? = 0
configure:6054: gcc -c -g -O2  conftest.c >&5
conftest.c: In function 'main':
conftest.c:73:12: error: size of array 'test_array' is negative
 static int test_array [1 - 2 * !((int8_t) (((((int8_t) 1 << N) << N) - 1) * 2 + 1)
            ^
configure:6054: $? = 1
configure: failed program was:
| /* confdefs.h */
| #define PACKAGE_NAME "DHCP"
| #define PACKAGE_TARNAME "dhcp"
| #define PACKAGE_VERSION "4.4.1"
| #define PACKAGE_STRING "DHCP 4.4.1"
| #define PACKAGE_BUGREPORT "dhcp-users@isc.org"
| #define PACKAGE_URL ""
| #define PACKAGE "dhcp"
| #define VERSION "4.4.1"
| #define STDC_HEADERS 1
| #define HAVE_SYS_TYPES_H 1
| #define HAVE_SYS_STAT_H 1
| #define HAVE_STDLIB_H 1
| #define HAVE_STRING_H 1
| #define HAVE_MEMORY_H 1
| #define HAVE_STRINGS_H 1
| #define HAVE_INTTYPES_H 1
| #define HAVE_STDINT_H 1
| #define HAVE_UNISTD_H 1
| #define __EXTENSIONS__ 1
| #define _ALL_SOURCE 1
| #define _GNU_SOURCE 1
| #define _POSIX_PTHREAD_SEMANTICS 1
| #define _TANDEM_SOURCE 1
| #define DHCP_BYTE_ORDER LITTLE_ENDIAN
| #define FAILOVER_PROTOCOL 1
| #define ENABLE_EXECUTE 1
| #define TRACING 1
| #define DELAYED_ACK 1
| #define DHCPv6 1
| #define _PATH_DHCPD_DB "/var/lib/dhcpd/dhcpd.leases"
| #define _PATH_DHCPD6_DB "/var/lib/dhcpd/dhcpd6.leases"
| #define _PATH_DHCLIENT_DB "/var/lib/dhclient/dhclient.leases"
| #define _PATH_DHCLIENT6_DB "/var/lib/dhclient/dhclient6.leases"
| /* end confdefs.h.  */
| #include <stdio.h>
| #ifdef HAVE_SYS_TYPES_H
| # include <sys/types.h>
| #endif
| #ifdef HAVE_SYS_STAT_H
| # include <sys/stat.h>
| #endif
| #ifdef STDC_HEADERS
| # include <stdlib.h>
| # include <stddef.h>
| #else
| # ifdef HAVE_STDLIB_H
| #  include <stdlib.h>
| # endif
| #endif
| #ifdef HAVE_STRING_H
| # if !defined STDC_HEADERS && defined HAVE_MEMORY_H
| #  include <memory.h>
| # endif
| # include <string.h>
| #endif
| #ifdef HAVE_STRINGS_H
| # include <strings.h>
| #endif
| #ifdef HAVE_INTTYPES_H
| # include <inttypes.h>
| #endif
| #ifdef HAVE_STDINT_H
| # include <stdint.h>
| #endif
| #ifdef HAVE_UNISTD_H
| # include <unistd.h>
| #endif
| 	        enum { N = 8 / 2 - 1 };
| int
| main ()
| {
| static int test_array [1 - 2 * !((int8_t) (((((int8_t) 1 << N) << N) - 1) * 2 + 1)
| 		 < (int8_t) (((((int8_t) 1 << N) << N) - 1) * 2 + 2))];
| test_array [0] = 0;
| return test_array [0];
| 
|   ;
|   return 0;
| }
configure:6054: result: yes
configure:6065: checking for int16_t
configure:6065: gcc -c -g -O2  conftest.c >&5
configure:6065: $? = 0
configure:6065: gcc -c -g -O2  conftest.c >&5
conftest.c: In function 'main':
conftest.c:73:12: error: size of array 'test_array' is negative
 static int test_array [1 - 2 * !((int16_t) (((((int16_t) 1 << N) << N) - 1) * 2 + 1)
            ^
configure:6065: $? = 1
configure: failed program was:
| /* confdefs.h */
| #define PACKAGE_NAME "DHCP"
| #define PACKAGE_TARNAME "dhcp"
| #define PACKAGE_VERSION "4.4.1"
| #define PACKAGE_STRING "DHCP 4.4.1"
| #define PACKAGE_BUGREPORT "dhcp-users@isc.org"
| #define PACKAGE_URL ""
| #define PACKAGE "dhcp"
| #define VERSION "4.4.1"
| #define STDC_HEADERS 1
| #define HAVE_SYS_TYPES_H 1
| #define HAVE_SYS_STAT_H 1
| #define HAVE_STDLIB_H 1
| #define HAVE_STRING_H 1
| #define HAVE_MEMORY_H 1
| #define HAVE_STRINGS_H 1
| #define HAVE_INTTYPES_H 1
| #define HAVE_STDINT_H 1
| #define HAVE_UNISTD_H 1
| #define __EXTENSIONS__ 1
| #define _ALL_SOURCE 1
| #define _GNU_SOURCE 1
| #define _POSIX_PTHREAD_SEMANTICS 1
| #define _TANDEM_SOURCE 1
| #define DHCP_BYTE_ORDER LITTLE_ENDIAN
| #define FAILOVER_PROTOCOL 1
| #define ENABLE_EXECUTE 1
| #define TRACING 1
| #define DELAYED_ACK 1
| #define DHCPv6 1
| #define _PATH_DHCPD_DB "/var/lib/dhcpd/dhcpd.leases"
| #define _PATH_DHCPD6_DB "/var/lib/dhcpd/dhcpd6.leases"
| #define _PATH_DHCLIENT_DB "/var/lib/dhclient/dhclient.leases"
| #define _PATH_DHCLIENT6_DB "/var/lib/dhclient/dhclient6.leases"
| /* end confdefs.h.  */
| #include <stdio.h>
| #ifdef HAVE_SYS_TYPES_H
| # include <sys/types.h>
| #endif
| #ifdef HAVE_SYS_STAT_H
| # include <sys/stat.h>
| #endif
| #ifdef STDC_HEADERS
| # include <stdlib.h>
| # include <stddef.h>
| #else
| # ifdef HAVE_STDLIB_H
| #  include <stdlib.h>
| # endif
| #endif
| #ifdef HAVE_STRING_H
| # if !defined STDC_HEADERS && defined HAVE_MEMORY_H
| #  include <memory.h>
| # endif
| # include <string.h>
| #endif
| #ifdef HAVE_STRINGS_H
| # include <strings.h>
| #endif
| #ifdef HAVE_INTTYPES_H
| # include <inttypes.h>
| #endif
| #ifdef HAVE_STDINT_H
| # include <stdint.h>
| #endif
| #ifdef HAVE_UNISTD_H
| # include <unistd.h>
| #endif
| 	        enum { N = 16 / 2 - 1 };
| int
| main ()
| {
| static int test_array [1 - 2 * !((int16_t) (((((int16_t) 1 << N) << N) - 1) * 2 + 1)
| 		 < (int16_t) (((((int16_t) 1 << N) << N) - 1) * 2 + 2))];
| test_array [0] = 0;
| return test_array [0];
| 
|   ;
|   return 0;
| }
configure:6065: result: yes
configure:6076: checking for int32_t
configure:6076: gcc -c -g -O2  conftest.c >&5
configure:6076: $? = 0
configure:6076: gcc -c -g -O2  conftest.c >&5
conftest.c: In function 'main':
conftest.c:74:53: warning: integer overflow in expression [-Woverflow]
    < (int32_t) (((((int32_t) 1 << N) << N) - 1) * 2 + 2))];
                                                     ^
conftest.c:73:12: error: storage size of 'test_array' isn't constant
 static int test_array [1 - 2 * !((int32_t) (((((int32_t) 1 << N) << N) - 1) * 2 + 1)
            ^
configure:6076: $? = 1
configure: failed program was:
| /* confdefs.h */
| #define PACKAGE_NAME "DHCP"
| #define PACKAGE_TARNAME "dhcp"
| #define PACKAGE_VERSION "4.4.1"
| #define PACKAGE_STRING "DHCP 4.4.1"
| #define PACKAGE_BUGREPORT "dhcp-users@isc.org"
| #define PACKAGE_URL ""
| #define PACKAGE "dhcp"
| #define VERSION "4.4.1"
| #define STDC_HEADERS 1
| #define HAVE_SYS_TYPES_H 1
| #define HAVE_SYS_STAT_H 1
| #define HAVE_STDLIB_H 1
| #define HAVE_STRING_H 1
| #define HAVE_MEMORY_H 1
| #define HAVE_STRINGS_H 1
| #define HAVE_INTTYPES_H 1
| #define HAVE_STDINT_H 1
| #define HAVE_UNISTD_H 1
| #define __EXTENSIONS__ 1
| #define _ALL_SOURCE 1
| #define _GNU_SOURCE 1
| #define _POSIX_PTHREAD_SEMANTICS 1
| #define _TANDEM_SOURCE 1
| #define DHCP_BYTE_ORDER LITTLE_ENDIAN
| #define FAILOVER_PROTOCOL 1
| #define ENABLE_EXECUTE 1
| #define TRACING 1
| #define DELAYED_ACK 1
| #define DHCPv6 1
| #define _PATH_DHCPD_DB "/var/lib/dhcpd/dhcpd.leases"
| #define _PATH_DHCPD6_DB "/var/lib/dhcpd/dhcpd6.leases"
| #define _PATH_DHCLIENT_DB "/var/lib/dhclient/dhclient.leases"
| #define _PATH_DHCLIENT6_DB "/var/lib/dhclient/dhclient6.leases"
| /* end confdefs.h.  */
| #include <stdio.h>
| #ifdef HAVE_SYS_TYPES_H
| # include <sys/types.h>
| #endif
| #ifdef HAVE_SYS_STAT_H
| # include <sys/stat.h>
| #endif
| #ifdef STDC_HEADERS
| # include <stdlib.h>
| # include <stddef.h>
| #else
| # ifdef HAVE_STDLIB_H
| #  include <stdlib.h>
| # endif
| #endif
| #ifdef HAVE_STRING_H
| # if !defined STDC_HEADERS && defined HAVE_MEMORY_H
| #  include <memory.h>
| # endif
| # include <string.h>
| #endif
| #ifdef HAVE_STRINGS_H
| # include <strings.h>
| #endif
| #ifdef HAVE_INTTYPES_H
| # include <inttypes.h>
| #endif
| #ifdef HAVE_STDINT_H
| # include <stdint.h>
| #endif
| #ifdef HAVE_UNISTD_H
| # include <unistd.h>
| #endif
| 	        enum { N = 32 / 2 - 1 };
| int
| main ()
| {
| static int test_array [1 - 2 * !((int32_t) (((((int32_t) 1 << N) << N) - 1) * 2 + 1)
| 		 < (int32_t) (((((int32_t) 1 << N) << N) - 1) * 2 + 2))];
| test_array [0] = 0;
| return test_array [0];
| 
|   ;
|   return 0;
| }
configure:6076: result: yes
configure:6087: checking for int64_t
configure:6087: gcc -c -g -O2  conftest.c >&5
configure:6087: $? = 0
configure:6087: gcc -c -g -O2  conftest.c >&5
conftest.c: In function 'main':
conftest.c:74:53: warning: integer overflow in expression [-Woverflow]
    < (int64_t) (((((int64_t) 1 << N) << N) - 1) * 2 + 2))];
                                                     ^
conftest.c:73:12: error: storage size of 'test_array' isn't constant
 static int test_array [1 - 2 * !((int64_t) (((((int64_t) 1 << N) << N) - 1) * 2 + 1)
            ^
configure:6087: $? = 1
configure: failed program was:
| /* confdefs.h */
| #define PACKAGE_NAME "DHCP"
| #define PACKAGE_TARNAME "dhcp"
| #define PACKAGE_VERSION "4.4.1"
| #define PACKAGE_STRING "DHCP 4.4.1"
| #define PACKAGE_BUGREPORT "dhcp-users@isc.org"
| #define PACKAGE_URL ""
| #define PACKAGE "dhcp"
| #define VERSION "4.4.1"
| #define STDC_HEADERS 1
| #define HAVE_SYS_TYPES_H 1
| #define HAVE_SYS_STAT_H 1
| #define HAVE_STDLIB_H 1
| #define HAVE_STRING_H 1
| #define HAVE_MEMORY_H 1
| #define HAVE_STRINGS_H 1
| #define HAVE_INTTYPES_H 1
| #define HAVE_STDINT_H 1
| #define HAVE_UNISTD_H 1
| #define __EXTENSIONS__ 1
| #define _ALL_SOURCE 1
| #define _GNU_SOURCE 1
| #define _POSIX_PTHREAD_SEMANTICS 1
| #define _TANDEM_SOURCE 1
| #define DHCP_BYTE_ORDER LITTLE_ENDIAN
| #define FAILOVER_PROTOCOL 1
| #define ENABLE_EXECUTE 1
| #define TRACING 1
| #define DELAYED_ACK 1
| #define DHCPv6 1
| #define _PATH_DHCPD_DB "/var/lib/dhcpd/dhcpd.leases"
| #define _PATH_DHCPD6_DB "/var/lib/dhcpd/dhcpd6.leases"
| #define _PATH_DHCLIENT_DB "/var/lib/dhclient/dhclient.leases"
| #define _PATH_DHCLIENT6_DB "/var/lib/dhclient/dhclient6.leases"
| /* end confdefs.h.  */
| #include <stdio.h>
| #ifdef HAVE_SYS_TYPES_H
| # include <sys/types.h>
| #endif
| #ifdef HAVE_SYS_STAT_H
| # include <sys/stat.h>
| #endif
| #ifdef STDC_HEADERS
| # include <stdlib.h>
| # include <stddef.h>
| #else
| # ifdef HAVE_STDLIB_H
| #  include <stdlib.h>
| # endif
| #endif
| #ifdef HAVE_STRING_H
| # if !defined STDC_HEADERS && defined HAVE_MEMORY_H
| #  include <memory.h>
| # endif
| # include <string.h>
| #endif
| #ifdef HAVE_STRINGS_H
| # include <strings.h>
| #endif
| #ifdef HAVE_INTTYPES_H
| # include <inttypes.h>
| #endif
| #ifdef HAVE_STDINT_H
| # include <stdint.h>
| #endif
| #ifdef HAVE_UNISTD_H
| # include <unistd.h>
| #endif
| 	        enum { N = 64 / 2 - 1 };
| int
| main ()
| {
| static int test_array [1 - 2 * !((int64_t) (((((int64_t) 1 << N) << N) - 1) * 2 + 1)
| 		 < (int64_t) (((((int64_t) 1 << N) << N) - 1) * 2 + 2))];
| test_array [0] = 0;
| return test_array [0];
| 
|   ;
|   return 0;
| }
configure:6087: result: yes
configure:6100: checking for u_int8_t
configure:6100: gcc -c -g -O2  conftest.c >&5
configure:6100: $? = 0
configure:6100: gcc -c -g -O2  conftest.c >&5
conftest.c: In function 'main':
conftest.c:72:23: error: expected expression before ')' token
 if (sizeof ((u_int8_t)))
                       ^
configure:6100: $? = 1
configure: failed program was:
| /* confdefs.h */
| #define PACKAGE_NAME "DHCP"
| #define PACKAGE_TARNAME "dhcp"
| #define PACKAGE_VERSION "4.4.1"
| #define PACKAGE_STRING "DHCP 4.4.1"
| #define PACKAGE_BUGREPORT "dhcp-users@isc.org"
| #define PACKAGE_URL ""
| #define PACKAGE "dhcp"
| #define VERSION "4.4.1"
| #define STDC_HEADERS 1
| #define HAVE_SYS_TYPES_H 1
| #define HAVE_SYS_STAT_H 1
| #define HAVE_STDLIB_H 1
| #define HAVE_STRING_H 1
| #define HAVE_MEMORY_H 1
| #define HAVE_STRINGS_H 1
| #define HAVE_INTTYPES_H 1
| #define HAVE_STDINT_H 1
| #define HAVE_UNISTD_H 1
| #define __EXTENSIONS__ 1
| #define _ALL_SOURCE 1
| #define _GNU_SOURCE 1
| #define _POSIX_PTHREAD_SEMANTICS 1
| #define _TANDEM_SOURCE 1
| #define DHCP_BYTE_ORDER LITTLE_ENDIAN
| #define FAILOVER_PROTOCOL 1
| #define ENABLE_EXECUTE 1
| #define TRACING 1
| #define DELAYED_ACK 1
| #define DHCPv6 1
| #define _PATH_DHCPD_DB "/var/lib/dhcpd/dhcpd.leases"
| #define _PATH_DHCPD6_DB "/var/lib/dhcpd/dhcpd6.leases"
| #define _PATH_DHCLIENT_DB "/var/lib/dhclient/dhclient.leases"
| #define _PATH_DHCLIENT6_DB "/var/lib/dhclient/dhclient6.leases"
| /* end confdefs.h.  */
| #include <stdio.h>
| #ifdef HAVE_SYS_TYPES_H
| # include <sys/types.h>
| #endif
| #ifdef HAVE_SYS_STAT_H
| # include <sys/stat.h>
| #endif
| #ifdef STDC_HEADERS
| # include <stdlib.h>
| # include <stddef.h>
| #else
| # ifdef HAVE_STDLIB_H
| #  include <stdlib.h>
| # endif
| #endif
| #ifdef HAVE_STRING_H
| # if !defined STDC_HEADERS && defined HAVE_MEMORY_H
| #  include <memory.h>
| # endif
| # include <string.h>
| #endif
| #ifdef HAVE_STRINGS_H
| # include <strings.h>
| #endif
| #ifdef HAVE_INTTYPES_H
| # include <inttypes.h>
| #endif
| #ifdef HAVE_STDINT_H
| # include <stdint.h>
| #endif
| #ifdef HAVE_UNISTD_H
| # include <unistd.h>
| #endif
| int
| main ()
| {
| if (sizeof ((u_int8_t)))
| 	    return 0;
|   ;
|   return 0;
| }
configure:6100: result: yes
configure:6125: checking for u_int16_t
configure:6125: gcc -c -g -O2  conftest.c >&5
configure:6125: $? = 0
configure:6125: gcc -c -g -O2  conftest.c >&5
conftest.c: In function 'main':
conftest.c:72:24: error: expected expression before ')' token
 if (sizeof ((u_int16_t)))
                        ^
configure:6125: $? = 1
configure: failed program was:
| /* confdefs.h */
| #define PACKAGE_NAME "DHCP"
| #define PACKAGE_TARNAME "dhcp"
| #define PACKAGE_VERSION "4.4.1"
| #define PACKAGE_STRING "DHCP 4.4.1"
| #define PACKAGE_BUGREPORT "dhcp-users@isc.org"
| #define PACKAGE_URL ""
| #define PACKAGE "dhcp"
| #define VERSION "4.4.1"
| #define STDC_HEADERS 1
| #define HAVE_SYS_TYPES_H 1
| #define HAVE_SYS_STAT_H 1
| #define HAVE_STDLIB_H 1
| #define HAVE_STRING_H 1
| #define HAVE_MEMORY_H 1
| #define HAVE_STRINGS_H 1
| #define HAVE_INTTYPES_H 1
| #define HAVE_STDINT_H 1
| #define HAVE_UNISTD_H 1
| #define __EXTENSIONS__ 1
| #define _ALL_SOURCE 1
| #define _GNU_SOURCE 1
| #define _POSIX_PTHREAD_SEMANTICS 1
| #define _TANDEM_SOURCE 1
| #define DHCP_BYTE_ORDER LITTLE_ENDIAN
| #define FAILOVER_PROTOCOL 1
| #define ENABLE_EXECUTE 1
| #define TRACING 1
| #define DELAYED_ACK 1
| #define DHCPv6 1
| #define _PATH_DHCPD_DB "/var/lib/dhcpd/dhcpd.leases"
| #define _PATH_DHCPD6_DB "/var/lib/dhcpd/dhcpd6.leases"
| #define _PATH_DHCLIENT_DB "/var/lib/dhclient/dhclient.leases"
| #define _PATH_DHCLIENT6_DB "/var/lib/dhclient/dhclient6.leases"
| /* end confdefs.h.  */
| #include <stdio.h>
| #ifdef HAVE_SYS_TYPES_H
| # include <sys/types.h>
| #endif
| #ifdef HAVE_SYS_STAT_H
| # include <sys/stat.h>
| #endif
| #ifdef STDC_HEADERS
| # include <stdlib.h>
| # include <stddef.h>
| #else
| # ifdef HAVE_STDLIB_H
| #  include <stdlib.h>
| # endif
| #endif
| #ifdef HAVE_STRING_H
| # if !defined STDC_HEADERS && defined HAVE_MEMORY_H
| #  include <memory.h>
| # endif
| # include <string.h>
| #endif
| #ifdef HAVE_STRINGS_H
| # include <strings.h>
| #endif
| #ifdef HAVE_INTTYPES_H
| # include <inttypes.h>
| #endif
| #ifdef HAVE_STDINT_H
| # include <stdint.h>
| #endif
| #ifdef HAVE_UNISTD_H
| # include <unistd.h>
| #endif
| int
| main ()
| {
| if (sizeof ((u_int16_t)))
| 	    return 0;
|   ;
|   return 0;
| }
configure:6125: result: yes
configure:6148: checking for u_int32_t
configure:6148: gcc -c -g -O2  conftest.c >&5
configure:6148: $? = 0
configure:6148: gcc -c -g -O2  conftest.c >&5
conftest.c: In function 'main':
conftest.c:72:24: error: expected expression before ')' token
 if (sizeof ((u_int32_t)))
                        ^
configure:6148: $? = 1
configure: failed program was:
| /* confdefs.h */
| #define PACKAGE_NAME "DHCP"
| #define PACKAGE_TARNAME "dhcp"
| #define PACKAGE_VERSION "4.4.1"
| #define PACKAGE_STRING "DHCP 4.4.1"
| #define PACKAGE_BUGREPORT "dhcp-users@isc.org"
| #define PACKAGE_URL ""
| #define PACKAGE "dhcp"
| #define VERSION "4.4.1"
| #define STDC_HEADERS 1
| #define HAVE_SYS_TYPES_H 1
| #define HAVE_SYS_STAT_H 1
| #define HAVE_STDLIB_H 1
| #define HAVE_STRING_H 1
| #define HAVE_MEMORY_H 1
| #define HAVE_STRINGS_H 1
| #define HAVE_INTTYPES_H 1
| #define HAVE_STDINT_H 1
| #define HAVE_UNISTD_H 1
| #define __EXTENSIONS__ 1
| #define _ALL_SOURCE 1
| #define _GNU_SOURCE 1
| #define _POSIX_PTHREAD_SEMANTICS 1
| #define _TANDEM_SOURCE 1
| #define DHCP_BYTE_ORDER LITTLE_ENDIAN
| #define FAILOVER_PROTOCOL 1
| #define ENABLE_EXECUTE 1
| #define TRACING 1
| #define DELAYED_ACK 1
| #define DHCPv6 1
| #define _PATH_DHCPD_DB "/var/lib/dhcpd/dhcpd.leases"
| #define _PATH_DHCPD6_DB "/var/lib/dhcpd/dhcpd6.leases"
| #define _PATH_DHCLIENT_DB "/var/lib/dhclient/dhclient.leases"
| #define _PATH_DHCLIENT6_DB "/var/lib/dhclient/dhclient6.leases"
| /* end confdefs.h.  */
| #include <stdio.h>
| #ifdef HAVE_SYS_TYPES_H
| # include <sys/types.h>
| #endif
| #ifdef HAVE_SYS_STAT_H
| # include <sys/stat.h>
| #endif
| #ifdef STDC_HEADERS
| # include <stdlib.h>
| # include <stddef.h>
| #else
| # ifdef HAVE_STDLIB_H
| #  include <stdlib.h>
| # endif
| #endif
| #ifdef HAVE_STRING_H
| # if !defined STDC_HEADERS && defined HAVE_MEMORY_H
| #  include <memory.h>
| # endif
| # include <string.h>
| #endif
| #ifdef HAVE_STRINGS_H
| # include <strings.h>
| #endif
| #ifdef HAVE_INTTYPES_H
| # include <inttypes.h>
| #endif
| #ifdef HAVE_STDINT_H
| # include <stdint.h>
| #endif
| #ifdef HAVE_UNISTD_H
| # include <unistd.h>
| #endif
| int
| main ()
| {
| if (sizeof ((u_int32_t)))
| 	    return 0;
|   ;
|   return 0;
| }
configure:6148: result: yes
configure:6173: checking for u_int64_t
configure:6173: gcc -c -g -O2  conftest.c >&5
configure:6173: $? = 0
configure:6173: gcc -c -g -O2  conftest.c >&5
conftest.c: In function 'main':
conftest.c:72:24: error: expected expression before ')' token
 if (sizeof ((u_int64_t)))
                        ^
configure:6173: $? = 1
configure: failed program was:
| /* confdefs.h */
| #define PACKAGE_NAME "DHCP"
| #define PACKAGE_TARNAME "dhcp"
| #define PACKAGE_VERSION "4.4.1"
| #define PACKAGE_STRING "DHCP 4.4.1"
| #define PACKAGE_BUGREPORT "dhcp-users@isc.org"
| #define PACKAGE_URL ""
| #define PACKAGE "dhcp"
| #define VERSION "4.4.1"
| #define STDC_HEADERS 1
| #define HAVE_SYS_TYPES_H 1
| #define HAVE_SYS_STAT_H 1
| #define HAVE_STDLIB_H 1
| #define HAVE_STRING_H 1
| #define HAVE_MEMORY_H 1
| #define HAVE_STRINGS_H 1
| #define HAVE_INTTYPES_H 1
| #define HAVE_STDINT_H 1
| #define HAVE_UNISTD_H 1
| #define __EXTENSIONS__ 1
| #define _ALL_SOURCE 1
| #define _GNU_SOURCE 1
| #define _POSIX_PTHREAD_SEMANTICS 1
| #define _TANDEM_SOURCE 1
| #define DHCP_BYTE_ORDER LITTLE_ENDIAN
| #define FAILOVER_PROTOCOL 1
| #define ENABLE_EXECUTE 1
| #define TRACING 1
| #define DELAYED_ACK 1
| #define DHCPv6 1
| #define _PATH_DHCPD_DB "/var/lib/dhcpd/dhcpd.leases"
| #define _PATH_DHCPD6_DB "/var/lib/dhcpd/dhcpd6.leases"
| #define _PATH_DHCLIENT_DB "/var/lib/dhclient/dhclient.leases"
| #define _PATH_DHCLIENT6_DB "/var/lib/dhclient/dhclient6.leases"
| /* end confdefs.h.  */
| #include <stdio.h>
| #ifdef HAVE_SYS_TYPES_H
| # include <sys/types.h>
| #endif
| #ifdef HAVE_SYS_STAT_H
| # include <sys/stat.h>
| #endif
| #ifdef STDC_HEADERS
| # include <stdlib.h>
| # include <stddef.h>
| #else
| # ifdef HAVE_STDLIB_H
| #  include <stdlib.h>
| # endif
| #endif
| #ifdef HAVE_STRING_H
| # if !defined STDC_HEADERS && defined HAVE_MEMORY_H
| #  include <memory.h>
| # endif
| # include <string.h>
| #endif
| #ifdef HAVE_STRINGS_H
| # include <strings.h>
| #endif
| #ifdef HAVE_INTTYPES_H
| # include <inttypes.h>
| #endif
| #ifdef HAVE_STDINT_H
| # include <stdint.h>
| #endif
| #ifdef HAVE_UNISTD_H
| # include <unistd.h>
| #endif
| int
| main ()
| {
| if (sizeof ((u_int64_t)))
| 	    return 0;
|   ;
|   return 0;
| }
configure:6173: result: yes
configure:6202: checking ifaddrs.h usability
configure:6202: gcc -c -g -O2  conftest.c >&5
configure:6202: $? = 0
configure:6202: result: yes
configure:6202: checking ifaddrs.h presence
configure:6202: gcc -E  conftest.c
configure:6202: $? = 0
configure:6202: result: yes
configure:6202: checking for ifaddrs.h
configure:6202: result: yes
configure:6216: checking linux/types.h usability
configure:6216: gcc -c -g -O2  conftest.c >&5
configure:6216: $? = 0
configure:6216: result: yes
configure:6216: checking linux/types.h presence
configure:6216: gcc -E  conftest.c
configure:6216: $? = 0
configure:6216: result: yes
configure:6216: checking for linux/types.h
configure:6216: result: yes
configure:6228: checking for linux/filter.h
configure:6228: gcc -c -g -O2  conftest.c >&5
configure:6228: $? = 0
configure:6228: result: yes
configure:6286: checking for struct lifnum
configure:6303: gcc -c -g -O2  conftest.c >&5
conftest.c: In function 'main':
conftest.c:46:16: error: storage size of 'a' isn't known
  struct lifnum a;
                ^
configure:6303: $? = 1
configure: failed program was:
| /* confdefs.h */
| #define PACKAGE_NAME "DHCP"
| #define PACKAGE_TARNAME "dhcp"
| #define PACKAGE_VERSION "4.4.1"
| #define PACKAGE_STRING "DHCP 4.4.1"
| #define PACKAGE_BUGREPORT "dhcp-users@isc.org"
| #define PACKAGE_URL ""
| #define PACKAGE "dhcp"
| #define VERSION "4.4.1"
| #define STDC_HEADERS 1
| #define HAVE_SYS_TYPES_H 1
| #define HAVE_SYS_STAT_H 1
| #define HAVE_STDLIB_H 1
| #define HAVE_STRING_H 1
| #define HAVE_MEMORY_H 1
| #define HAVE_STRINGS_H 1
| #define HAVE_INTTYPES_H 1
| #define HAVE_STDINT_H 1
| #define HAVE_UNISTD_H 1
| #define __EXTENSIONS__ 1
| #define _ALL_SOURCE 1
| #define _GNU_SOURCE 1
| #define _POSIX_PTHREAD_SEMANTICS 1
| #define _TANDEM_SOURCE 1
| #define DHCP_BYTE_ORDER LITTLE_ENDIAN
| #define FAILOVER_PROTOCOL 1
| #define ENABLE_EXECUTE 1
| #define TRACING 1
| #define DELAYED_ACK 1
| #define DHCPv6 1
| #define _PATH_DHCPD_DB "/var/lib/dhcpd/dhcpd.leases"
| #define _PATH_DHCPD6_DB "/var/lib/dhcpd/dhcpd6.leases"
| #define _PATH_DHCLIENT_DB "/var/lib/dhclient/dhclient.leases"
| #define _PATH_DHCLIENT6_DB "/var/lib/dhclient/dhclient6.leases"
| #define HAVE_IFADDRS_H 1
| #define HAVE_LINUX_TYPES_H 1
| #define HAVE_LPF 1
| /* end confdefs.h.  */
|  #include <sys/types.h>
|   #include <sys/socket.h>
|   #include <net/if.h>
| 
| int
| main ()
| {
|  struct lifnum a;
| 
|   ;
|   return 0;
| }
configure:6310: result: no
configure:6315: checking for struct if_laddrconf
configure:6331: gcc -c -g -O2  conftest.c >&5
conftest.c:40:23: fatal error: net/if6.h: No such file or directory
   #include <net/if6.h>
                       ^
compilation terminated.
configure:6331: $? = 1
configure: failed program was:
| /* confdefs.h */
| #define PACKAGE_NAME "DHCP"
| #define PACKAGE_TARNAME "dhcp"
| #define PACKAGE_VERSION "4.4.1"
| #define PACKAGE_STRING "DHCP 4.4.1"
| #define PACKAGE_BUGREPORT "dhcp-users@isc.org"
| #define PACKAGE_URL ""
| #define PACKAGE "dhcp"
| #define VERSION "4.4.1"
| #define STDC_HEADERS 1
| #define HAVE_SYS_TYPES_H 1
| #define HAVE_SYS_STAT_H 1
| #define HAVE_STDLIB_H 1
| #define HAVE_STRING_H 1
| #define HAVE_MEMORY_H 1
| #define HAVE_STRINGS_H 1
| #define HAVE_INTTYPES_H 1
| #define HAVE_STDINT_H 1
| #define HAVE_UNISTD_H 1
| #define __EXTENSIONS__ 1
| #define _ALL_SOURCE 1
| #define _GNU_SOURCE 1
| #define _POSIX_PTHREAD_SEMANTICS 1
| #define _TANDEM_SOURCE 1
| #define DHCP_BYTE_ORDER LITTLE_ENDIAN
| #define FAILOVER_PROTOCOL 1
| #define ENABLE_EXECUTE 1
| #define TRACING 1
| #define DELAYED_ACK 1
| #define DHCPv6 1
| #define _PATH_DHCPD_DB "/var/lib/dhcpd/dhcpd.leases"
| #define _PATH_DHCPD6_DB "/var/lib/dhcpd/dhcpd6.leases"
| #define _PATH_DHCLIENT_DB "/var/lib/dhclient/dhclient.leases"
| #define _PATH_DHCLIENT6_DB "/var/lib/dhclient/dhclient6.leases"
| #define HAVE_IFADDRS_H 1
| #define HAVE_LINUX_TYPES_H 1
| #define HAVE_LPF 1
| /* end confdefs.h.  */
|  #include <sys/types.h>
|   #include <net/if6.h>
| 
| int
| main ()
| {
|  struct if_laddrconf a;
| 
|   ;
|   return 0;
| }
configure:6338: result: no
configure:6343: checking for struct if_laddrreq
configure:6359: gcc -o conftest -g -O2   conftest.c  >&5
conftest.c:40:22: fatal error: net/if6.h: No such file or directory
  #include <net/if6.h>
                      ^
compilation terminated.
configure:6359: $? = 1
configure: failed program was:
| /* confdefs.h */
| #define PACKAGE_NAME "DHCP"
| #define PACKAGE_TARNAME "dhcp"
| #define PACKAGE_VERSION "4.4.1"
| #define PACKAGE_STRING "DHCP 4.4.1"
| #define PACKAGE_BUGREPORT "dhcp-users@isc.org"
| #define PACKAGE_URL ""
| #define PACKAGE "dhcp"
| #define VERSION "4.4.1"
| #define STDC_HEADERS 1
| #define HAVE_SYS_TYPES_H 1
| #define HAVE_SYS_STAT_H 1
| #define HAVE_STDLIB_H 1
| #define HAVE_STRING_H 1
| #define HAVE_MEMORY_H 1
| #define HAVE_STRINGS_H 1
| #define HAVE_INTTYPES_H 1
| #define HAVE_STDINT_H 1
| #define HAVE_UNISTD_H 1
| #define __EXTENSIONS__ 1
| #define _ALL_SOURCE 1
| #define _GNU_SOURCE 1
| #define _POSIX_PTHREAD_SEMANTICS 1
| #define _TANDEM_SOURCE 1
| #define DHCP_BYTE_ORDER LITTLE_ENDIAN
| #define FAILOVER_PROTOCOL 1
| #define ENABLE_EXECUTE 1
| #define TRACING 1
| #define DELAYED_ACK 1
| #define DHCPv6 1
| #define _PATH_DHCPD_DB "/var/lib/dhcpd/dhcpd.leases"
| #define _PATH_DHCPD6_DB "/var/lib/dhcpd/dhcpd6.leases"
| #define _PATH_DHCLIENT_DB "/var/lib/dhclient/dhclient.leases"
| #define _PATH_DHCLIENT6_DB "/var/lib/dhclient/dhclient6.leases"
| #define HAVE_IFADDRS_H 1
| #define HAVE_LINUX_TYPES_H 1
| #define HAVE_LPF 1
| /* end confdefs.h.  */
| #include <sys/types.h>
|  #include <net/if6.h>
| 
| int
| main ()
| {
|  struct if_laddrreq a;
| 
|   ;
|   return 0;
| }
configure:6366: result: no
configure:6375: checking for GCC noreturn attribute
configure:6388: gcc -c -g -O2  conftest.c >&5
configure:6388: $? = 0
configure:6389: result: yes
configure:6407: checking sys/socket.h usability
configure:6407: gcc -c -g -O2  conftest.c >&5
configure:6407: $? = 0
configure:6407: result: yes
configure:6407: checking sys/socket.h presence
configure:6407: gcc -E  conftest.c
configure:6407: $? = 0
configure:6407: result: yes
configure:6407: checking for sys/socket.h
configure:6407: result: yes
configure:6407: checking net/if_dl.h usability
configure:6407: gcc -c -g -O2  conftest.c >&5
conftest.c:74:23: fatal error: net/if_dl.h: No such file or directory
 #include <net/if_dl.h>
                       ^
compilation terminated.
configure:6407: $? = 1
configure: failed program was:
| /* confdefs.h */
| #define PACKAGE_NAME "DHCP"
| #define PACKAGE_TARNAME "dhcp"
| #define PACKAGE_VERSION "4.4.1"
| #define PACKAGE_STRING "DHCP 4.4.1"
| #define PACKAGE_BUGREPORT "dhcp-users@isc.org"
| #define PACKAGE_URL ""
| #define PACKAGE "dhcp"
| #define VERSION "4.4.1"
| #define STDC_HEADERS 1
| #define HAVE_SYS_TYPES_H 1
| #define HAVE_SYS_STAT_H 1
| #define HAVE_STDLIB_H 1
| #define HAVE_STRING_H 1
| #define HAVE_MEMORY_H 1
| #define HAVE_STRINGS_H 1
| #define HAVE_INTTYPES_H 1
| #define HAVE_STDINT_H 1
| #define HAVE_UNISTD_H 1
| #define __EXTENSIONS__ 1
| #define _ALL_SOURCE 1
| #define _GNU_SOURCE 1
| #define _POSIX_PTHREAD_SEMANTICS 1
| #define _TANDEM_SOURCE 1
| #define DHCP_BYTE_ORDER LITTLE_ENDIAN
| #define FAILOVER_PROTOCOL 1
| #define ENABLE_EXECUTE 1
| #define TRACING 1
| #define DELAYED_ACK 1
| #define DHCPv6 1
| #define _PATH_DHCPD_DB "/var/lib/dhcpd/dhcpd.leases"
| #define _PATH_DHCPD6_DB "/var/lib/dhcpd/dhcpd6.leases"
| #define _PATH_DHCLIENT_DB "/var/lib/dhclient/dhclient.leases"
| #define _PATH_DHCLIENT6_DB "/var/lib/dhclient/dhclient6.leases"
| #define HAVE_IFADDRS_H 1
| #define HAVE_LINUX_TYPES_H 1
| #define HAVE_LPF 1
| #define ISC_DHCP_NORETURN __attribute__((noreturn))
| #define HAVE_SYS_SOCKET_H 1
| /* end confdefs.h.  */
| #include <stdio.h>
| #ifdef HAVE_SYS_TYPES_H
| # include <sys/types.h>
| #endif
| #ifdef HAVE_SYS_STAT_H
| # include <sys/stat.h>
| #endif
| #ifdef STDC_HEADERS
| # include <stdlib.h>
| # include <stddef.h>
| #else
| # ifdef HAVE_STDLIB_H
| #  include <stdlib.h>
| # endif
| #endif
| #ifdef HAVE_STRING_H
| # if !defined STDC_HEADERS && defined HAVE_MEMORY_H
| #  include <memory.h>
| # endif
| # include <string.h>
| #endif
| #ifdef HAVE_STRINGS_H
| # include <strings.h>
| #endif
| #ifdef HAVE_INTTYPES_H
| # include <inttypes.h>
| #endif
| #ifdef HAVE_STDINT_H
| # include <stdint.h>
| #endif
| #ifdef HAVE_UNISTD_H
| # include <unistd.h>
| #endif
| #include <net/if_dl.h>
configure:6407: result: no
configure:6407: checking net/if_dl.h presence
configure:6407: gcc -E  conftest.c
conftest.c:41:23: fatal error: net/if_dl.h: No such file or directory
 #include <net/if_dl.h>
                       ^
compilation terminated.
configure:6407: $? = 1
configure: failed program was:
| /* confdefs.h */
| #define PACKAGE_NAME "DHCP"
| #define PACKAGE_TARNAME "dhcp"
| #define PACKAGE_VERSION "4.4.1"
| #define PACKAGE_STRING "DHCP 4.4.1"
| #define PACKAGE_BUGREPORT "dhcp-users@isc.org"
| #define PACKAGE_URL ""
| #define PACKAGE "dhcp"
| #define VERSION "4.4.1"
| #define STDC_HEADERS 1
| #define HAVE_SYS_TYPES_H 1
| #define HAVE_SYS_STAT_H 1
| #define HAVE_STDLIB_H 1
| #define HAVE_STRING_H 1
| #define HAVE_MEMORY_H 1
| #define HAVE_STRINGS_H 1
| #define HAVE_INTTYPES_H 1
| #define HAVE_STDINT_H 1
| #define HAVE_UNISTD_H 1
| #define __EXTENSIONS__ 1
| #define _ALL_SOURCE 1
| #define _GNU_SOURCE 1
| #define _POSIX_PTHREAD_SEMANTICS 1
| #define _TANDEM_SOURCE 1
| #define DHCP_BYTE_ORDER LITTLE_ENDIAN
| #define FAILOVER_PROTOCOL 1
| #define ENABLE_EXECUTE 1
| #define TRACING 1
| #define DELAYED_ACK 1
| #define DHCPv6 1
| #define _PATH_DHCPD_DB "/var/lib/dhcpd/dhcpd.leases"
| #define _PATH_DHCPD6_DB "/var/lib/dhcpd/dhcpd6.leases"
| #define _PATH_DHCLIENT_DB "/var/lib/dhclient/dhclient.leases"
| #define _PATH_DHCLIENT6_DB "/var/lib/dhclient/dhclient6.leases"
| #define HAVE_IFADDRS_H 1
| #define HAVE_LINUX_TYPES_H 1
| #define HAVE_LPF 1
| #define ISC_DHCP_NORETURN __attribute__((noreturn))
| #define HAVE_SYS_SOCKET_H 1
| /* end confdefs.h.  */
| #include <net/if_dl.h>
configure:6407: result: no
configure:6407: checking for net/if_dl.h
configure:6407: result: no
configure:6407: checking net/if6.h usability
configure:6407: gcc -c -g -O2  conftest.c >&5
conftest.c:74:21: fatal error: net/if6.h: No such file or directory
 #include <net/if6.h>
                     ^
compilation terminated.
configure:6407: $? = 1
configure: failed program was:
| /* confdefs.h */
| #define PACKAGE_NAME "DHCP"
| #define PACKAGE_TARNAME "dhcp"
| #define PACKAGE_VERSION "4.4.1"
| #define PACKAGE_STRING "DHCP 4.4.1"
| #define PACKAGE_BUGREPORT "dhcp-users@isc.org"
| #define PACKAGE_URL ""
| #define PACKAGE "dhcp"
| #define VERSION "4.4.1"
| #define STDC_HEADERS 1
| #define HAVE_SYS_TYPES_H 1
| #define HAVE_SYS_STAT_H 1
| #define HAVE_STDLIB_H 1
| #define HAVE_STRING_H 1
| #define HAVE_MEMORY_H 1
| #define HAVE_STRINGS_H 1
| #define HAVE_INTTYPES_H 1
| #define HAVE_STDINT_H 1
| #define HAVE_UNISTD_H 1
| #define __EXTENSIONS__ 1
| #define _ALL_SOURCE 1
| #define _GNU_SOURCE 1
| #define _POSIX_PTHREAD_SEMANTICS 1
| #define _TANDEM_SOURCE 1
| #define DHCP_BYTE_ORDER LITTLE_ENDIAN
| #define FAILOVER_PROTOCOL 1
| #define ENABLE_EXECUTE 1
| #define TRACING 1
| #define DELAYED_ACK 1
| #define DHCPv6 1
| #define _PATH_DHCPD_DB "/var/lib/dhcpd/dhcpd.leases"
| #define _PATH_DHCPD6_DB "/var/lib/dhcpd/dhcpd6.leases"
| #define _PATH_DHCLIENT_DB "/var/lib/dhclient/dhclient.leases"
| #define _PATH_DHCLIENT6_DB "/var/lib/dhclient/dhclient6.leases"
| #define HAVE_IFADDRS_H 1
| #define HAVE_LINUX_TYPES_H 1
| #define HAVE_LPF 1
| #define ISC_DHCP_NORETURN __attribute__((noreturn))
| #define HAVE_SYS_SOCKET_H 1
| /* end confdefs.h.  */
| #include <stdio.h>
| #ifdef HAVE_SYS_TYPES_H
| # include <sys/types.h>
| #endif
| #ifdef HAVE_SYS_STAT_H
| # include <sys/stat.h>
| #endif
| #ifdef STDC_HEADERS
| # include <stdlib.h>
| # include <stddef.h>
| #else
| # ifdef HAVE_STDLIB_H
| #  include <stdlib.h>
| # endif
| #endif
| #ifdef HAVE_STRING_H
| # if !defined STDC_HEADERS && defined HAVE_MEMORY_H
| #  include <memory.h>
| # endif
| # include <string.h>
| #endif
| #ifdef HAVE_STRINGS_H
| # include <strings.h>
| #endif
| #ifdef HAVE_INTTYPES_H
| # include <inttypes.h>
| #endif
| #ifdef HAVE_STDINT_H
| # include <stdint.h>
| #endif
| #ifdef HAVE_UNISTD_H
| # include <unistd.h>
| #endif
| #include <net/if6.h>
configure:6407: result: no
configure:6407: checking net/if6.h presence
configure:6407: gcc -E  conftest.c
conftest.c:41:21: fatal error: net/if6.h: No such file or directory
 #include <net/if6.h>
                     ^
compilation terminated.
configure:6407: $? = 1
configure: failed program was:
| /* confdefs.h */
| #define PACKAGE_NAME "DHCP"
| #define PACKAGE_TARNAME "dhcp"
| #define PACKAGE_VERSION "4.4.1"
| #define PACKAGE_STRING "DHCP 4.4.1"
| #define PACKAGE_BUGREPORT "dhcp-users@isc.org"
| #define PACKAGE_URL ""
| #define PACKAGE "dhcp"
| #define VERSION "4.4.1"
| #define STDC_HEADERS 1
| #define HAVE_SYS_TYPES_H 1
| #define HAVE_SYS_STAT_H 1
| #define HAVE_STDLIB_H 1
| #define HAVE_STRING_H 1
| #define HAVE_MEMORY_H 1
| #define HAVE_STRINGS_H 1
| #define HAVE_INTTYPES_H 1
| #define HAVE_STDINT_H 1
| #define HAVE_UNISTD_H 1
| #define __EXTENSIONS__ 1
| #define _ALL_SOURCE 1
| #define _GNU_SOURCE 1
| #define _POSIX_PTHREAD_SEMANTICS 1
| #define _TANDEM_SOURCE 1
| #define DHCP_BYTE_ORDER LITTLE_ENDIAN
| #define FAILOVER_PROTOCOL 1
| #define ENABLE_EXECUTE 1
| #define TRACING 1
| #define DELAYED_ACK 1
| #define DHCPv6 1
| #define _PATH_DHCPD_DB "/var/lib/dhcpd/dhcpd.leases"
| #define _PATH_DHCPD6_DB "/var/lib/dhcpd/dhcpd6.leases"
| #define _PATH_DHCLIENT_DB "/var/lib/dhclient/dhclient.leases"
| #define _PATH_DHCLIENT6_DB "/var/lib/dhclient/dhclient6.leases"
| #define HAVE_IFADDRS_H 1
| #define HAVE_LINUX_TYPES_H 1
| #define HAVE_LPF 1
| #define ISC_DHCP_NORETURN __attribute__((noreturn))
| #define HAVE_SYS_SOCKET_H 1
| /* end confdefs.h.  */
| #include <net/if6.h>
configure:6407: result: no
configure:6407: checking for net/if6.h
configure:6407: result: no
configure:6407: checking regex.h usability
configure:6407: gcc -c -g -O2  conftest.c >&5
configure:6407: $? = 0
configure:6407: result: yes
configure:6407: checking regex.h presence
configure:6407: gcc -E  conftest.c
configure:6407: $? = 0
configure:6407: result: yes
configure:6407: checking for regex.h
configure:6407: result: yes
configure:6419: checking for library containing socket
configure:6450: gcc -o conftest -g -O2   conftest.c  >&5
configure:6450: $? = 0
configure:6467: result: none required
configure:6475: checking for library containing inet_ntoa
configure:6506: gcc -o conftest -g -O2   conftest.c  >&5
configure:6506: $? = 0
configure:6523: result: none required
configure:6532: checking for library containing inet_aton
configure:6563: gcc -o conftest -g -O2   conftest.c  >&5
configure:6563: $? = 0
configure:6580: result: none required
configure:6594: checking for library containing regcomp
configure:6625: gcc -o conftest -g -O2   conftest.c  >&5
configure:6625: $? = 0
configure:6642: result: none required
configure:6653: checking for strlcat
configure:6653: gcc -o conftest -g -O2   conftest.c  >&5
/tmp/ccX4dreB.o: In function `main':
/root/iscdhcp/dhcp-4.4.1/conftest.c:76: undefined reference to `strlcat'
collect2: error: ld returned 1 exit status
configure:6653: $? = 1
configure: failed program was:
| /* confdefs.h */
| #define PACKAGE_NAME "DHCP"
| #define PACKAGE_TARNAME "dhcp"
| #define PACKAGE_VERSION "4.4.1"
| #define PACKAGE_STRING "DHCP 4.4.1"
| #define PACKAGE_BUGREPORT "dhcp-users@isc.org"
| #define PACKAGE_URL ""
| #define PACKAGE "dhcp"
| #define VERSION "4.4.1"
| #define STDC_HEADERS 1
| #define HAVE_SYS_TYPES_H 1
| #define HAVE_SYS_STAT_H 1
| #define HAVE_STDLIB_H 1
| #define HAVE_STRING_H 1
| #define HAVE_MEMORY_H 1
| #define HAVE_STRINGS_H 1
| #define HAVE_INTTYPES_H 1
| #define HAVE_STDINT_H 1
| #define HAVE_UNISTD_H 1
| #define __EXTENSIONS__ 1
| #define _ALL_SOURCE 1
| #define _GNU_SOURCE 1
| #define _POSIX_PTHREAD_SEMANTICS 1
| #define _TANDEM_SOURCE 1
| #define DHCP_BYTE_ORDER LITTLE_ENDIAN
| #define FAILOVER_PROTOCOL 1
| #define ENABLE_EXECUTE 1
| #define TRACING 1
| #define DELAYED_ACK 1
| #define DHCPv6 1
| #define _PATH_DHCPD_DB "/var/lib/dhcpd/dhcpd.leases"
| #define _PATH_DHCPD6_DB "/var/lib/dhcpd/dhcpd6.leases"
| #define _PATH_DHCLIENT_DB "/var/lib/dhclient/dhclient.leases"
| #define _PATH_DHCLIENT6_DB "/var/lib/dhclient/dhclient6.leases"
| #define HAVE_IFADDRS_H 1
| #define HAVE_LINUX_TYPES_H 1
| #define HAVE_LPF 1
| #define ISC_DHCP_NORETURN __attribute__((noreturn))
| #define HAVE_SYS_SOCKET_H 1
| #define HAVE_REGEX_H 1
| /* end confdefs.h.  */
| /* Define strlcat to an innocuous variant, in case <limits.h> declares strlcat.
|    For example, HP-UX 11i <limits.h> declares gettimeofday.  */
| #define strlcat innocuous_strlcat
| 
| /* System header to define __stub macros and hopefully few prototypes,
|     which can conflict with char strlcat (); below.
|     Prefer <limits.h> to <assert.h> if __STDC__ is defined, since
|     <limits.h> exists even on freestanding compilers.  */
| 
| #ifdef __STDC__
| # include <limits.h>
| #else
| # include <assert.h>
| #endif
| 
| #undef strlcat
| 
| /* Override any GCC internal prototype to avoid an error.
|    Use char because int might match the return type of a GCC
|    builtin and then its argument prototype would still apply.  */
| #ifdef __cplusplus
| extern "C"
| #endif
| char strlcat ();
| /* The GNU C library defines this for functions which it implements
|     to always fail with ENOSYS.  Some functions are actually named
|     something starting with __ and the normal name is an alias.  */
| #if defined __stub_strlcat || defined __stub___strlcat
| choke me
| #endif
| 
| int
| main ()
| {
| return strlcat ();
|   ;
|   return 0;
| }
configure:6653: result: no
configure:6664: checking for library containing if_nametoindex
configure:6695: gcc -o conftest -g -O2   conftest.c  >&5
configure:6695: $? = 0
configure:6712: result: none required
configure:6723: checking for nanosleep
configure:6723: gcc -o conftest -g -O2   conftest.c  >&5
configure:6723: $? = 0
configure:6723: result: yes
configure:6775: checking for random device
configure:6804: result: /dev/random
configure:6807: checking for /dev/random
configure:6821: result: yes
configure:6895: checking for struct sockaddr.sa_len
configure:6895: gcc -c -g -O2  conftest.c >&5
conftest.c: In function 'main':
conftest.c:49:12: error: 'struct sockaddr' has no member named 'sa_len'
 if (ac_aggr.sa_len)
            ^
configure:6895: $? = 1
configure: failed program was:
| /* confdefs.h */
| #define PACKAGE_NAME "DHCP"
| #define PACKAGE_TARNAME "dhcp"
| #define PACKAGE_VERSION "4.4.1"
| #define PACKAGE_STRING "DHCP 4.4.1"
| #define PACKAGE_BUGREPORT "dhcp-users@isc.org"
| #define PACKAGE_URL ""
| #define PACKAGE "dhcp"
| #define VERSION "4.4.1"
| #define STDC_HEADERS 1
| #define HAVE_SYS_TYPES_H 1
| #define HAVE_SYS_STAT_H 1
| #define HAVE_STDLIB_H 1
| #define HAVE_STRING_H 1
| #define HAVE_MEMORY_H 1
| #define HAVE_STRINGS_H 1
| #define HAVE_INTTYPES_H 1
| #define HAVE_STDINT_H 1
| #define HAVE_UNISTD_H 1
| #define __EXTENSIONS__ 1
| #define _ALL_SOURCE 1
| #define _GNU_SOURCE 1
| #define _POSIX_PTHREAD_SEMANTICS 1
| #define _TANDEM_SOURCE 1
| #define DHCP_BYTE_ORDER LITTLE_ENDIAN
| #define FAILOVER_PROTOCOL 1
| #define ENABLE_EXECUTE 1
| #define TRACING 1
| #define DELAYED_ACK 1
| #define DHCPv6 1
| #define _PATH_DHCPD_DB "/var/lib/dhcpd/dhcpd.leases"
| #define _PATH_DHCPD6_DB "/var/lib/dhcpd/dhcpd6.leases"
| #define _PATH_DHCLIENT_DB "/var/lib/dhclient/dhclient.leases"
| #define _PATH_DHCLIENT6_DB "/var/lib/dhclient/dhclient6.leases"
| #define HAVE_IFADDRS_H 1
| #define HAVE_LINUX_TYPES_H 1
| #define HAVE_LPF 1
| #define ISC_DHCP_NORETURN __attribute__((noreturn))
| #define HAVE_SYS_SOCKET_H 1
| #define HAVE_REGEX_H 1
| #define HAVE_DEV_RANDOM 1
| /* end confdefs.h.  */
| #include <sys/socket.h>
| 
| int
| main ()
| {
| static struct sockaddr ac_aggr;
| if (ac_aggr.sa_len)
| return 0;
|   ;
|   return 0;
| }
configure:6895: gcc -c -g -O2  conftest.c >&5
conftest.c: In function 'main':
conftest.c:49:19: error: 'struct sockaddr' has no member named 'sa_len'
 if (sizeof ac_aggr.sa_len)
                   ^
configure:6895: $? = 1
configure: failed program was:
| /* confdefs.h */
| #define PACKAGE_NAME "DHCP"
| #define PACKAGE_TARNAME "dhcp"
| #define PACKAGE_VERSION "4.4.1"
| #define PACKAGE_STRING "DHCP 4.4.1"
| #define PACKAGE_BUGREPORT "dhcp-users@isc.org"
| #define PACKAGE_URL ""
| #define PACKAGE "dhcp"
| #define VERSION "4.4.1"
| #define STDC_HEADERS 1
| #define HAVE_SYS_TYPES_H 1
| #define HAVE_SYS_STAT_H 1
| #define HAVE_STDLIB_H 1
| #define HAVE_STRING_H 1
| #define HAVE_MEMORY_H 1
| #define HAVE_STRINGS_H 1
| #define HAVE_INTTYPES_H 1
| #define HAVE_STDINT_H 1
| #define HAVE_UNISTD_H 1
| #define __EXTENSIONS__ 1
| #define _ALL_SOURCE 1
| #define _GNU_SOURCE 1
| #define _POSIX_PTHREAD_SEMANTICS 1
| #define _TANDEM_SOURCE 1
| #define DHCP_BYTE_ORDER LITTLE_ENDIAN
| #define FAILOVER_PROTOCOL 1
| #define ENABLE_EXECUTE 1
| #define TRACING 1
| #define DELAYED_ACK 1
| #define DHCPv6 1
| #define _PATH_DHCPD_DB "/var/lib/dhcpd/dhcpd.leases"
| #define _PATH_DHCPD6_DB "/var/lib/dhcpd/dhcpd6.leases"
| #define _PATH_DHCLIENT_DB "/var/lib/dhclient/dhclient.leases"
| #define _PATH_DHCLIENT6_DB "/var/lib/dhclient/dhclient6.leases"
| #define HAVE_IFADDRS_H 1
| #define HAVE_LINUX_TYPES_H 1
| #define HAVE_LPF 1
| #define ISC_DHCP_NORETURN __attribute__((noreturn))
| #define HAVE_SYS_SOCKET_H 1
| #define HAVE_REGEX_H 1
| #define HAVE_DEV_RANDOM 1
| /* end confdefs.h.  */
| #include <sys/socket.h>
| 
| int
| main ()
| {
| static struct sockaddr ac_aggr;
| if (sizeof ac_aggr.sa_len)
| return 0;
|   ;
|   return 0;
| }
configure:6895: result: no
configure:6911: checking size of struct iaddr *
configure:6916: gcc -o conftest -g -O2 -I.   conftest.c  >&5
configure:6916: $? = 0
configure:6916: ./conftest
configure:6916: $? = 0
configure:6934: result: 8
configure:6957: checking for struct msghdr.msg_control
configure:6957: gcc -c -g -O2  conftest.c >&5
configure:6957: $? = 0
configure:6957: result: yes
configure:6984: checking for struct tpacket_auxdata.tp_vlan_tci
configure:6984: gcc -c -g -O2  conftest.c >&5
configure:6984: $? = 0
configure:6984: result: yes
configure:7510: checking for flexible array members
configure:7533: gcc -c -g -O2  -Wall -Werror -fno-strict-aliasing -I$(top_srcdir)/includes -I/root/iscdhcp/dhcp-4.4.1/bind/include  conftest.c >&5
configure:7533: $? = 0
configure:7540: result: yes
configure:7663: checking that generated files are newer than configure
configure:7669: result: done
configure:7713: creating ./config.status

## ---------------------- ##
## Running config.status. ##
## ---------------------- ##

This file was extended by DHCP config.status 4.4.1, which was
generated by GNU Autoconf 2.69.  Invocation command line was

  CONFIG_FILES    = 
  CONFIG_HEADERS  = 
  CONFIG_LINKS    = 
  CONFIG_COMMANDS = 
  $ ./config.status 

on mycloud

config.status:941: creating ./bind/Makefile
config.status:941: creating Makefile
config.status:941: creating client/Makefile
config.status:941: creating client/tests/Makefile
config.status:941: creating common/Makefile.am
config.status:941: creating common/Makefile
config.status:941: creating common/tests/Makefile
config.status:941: creating dhcpctl/Makefile.am
config.status:941: creating dhcpctl/Makefile
config.status:941: creating includes/Makefile
config.status:941: creating omapip/Makefile.am
config.status:941: creating omapip/Makefile
config.status:941: creating relay/Makefile
config.status:941: creating server/Makefile
config.status:941: creating tests/Makefile.am
config.status:941: creating tests/Makefile
config.status:941: creating tests/unittest.sh
config.status:941: creating server/tests/Makefile
config.status:941: creating doc/devel/doxyfile
config.status:941: creating includes/config.h
config.status:1135: executing depfiles commands

## ---------------- ##
## Cache variables. ##
## ---------------- ##

ac_cv_build=x86_64-unknown-linux-gnu
ac_cv_c_bigendian=no
ac_cv_c_compiler_gnu=yes
ac_cv_c_flexmember=yes
ac_cv_c_int16_t=yes
ac_cv_c_int32_t=yes
ac_cv_c_int64_t=yes
ac_cv_c_int8_t=yes
ac_cv_env_CC_set=
ac_cv_env_CC_value=
ac_cv_env_CFLAGS_set=
ac_cv_env_CFLAGS_value=
ac_cv_env_CPPFLAGS_set=
ac_cv_env_CPPFLAGS_value=
ac_cv_env_CPP_set=
ac_cv_env_CPP_value=
ac_cv_env_LDFLAGS_set=
ac_cv_env_LDFLAGS_value=
ac_cv_env_LIBS_set=
ac_cv_env_LIBS_value=
ac_cv_env_build_alias_set=
ac_cv_env_build_alias_value=
ac_cv_env_host_alias_set=
ac_cv_env_host_alias_value=
ac_cv_env_target_alias_set=
ac_cv_env_target_alias_value=
ac_cv_file__dev_random=yes
ac_cv_func_nanosleep=yes
ac_cv_func_strlcat=no
ac_cv_header_ifaddrs_h=yes
ac_cv_header_inttypes_h=yes
ac_cv_header_linux_filter_h=yes
ac_cv_header_linux_types_h=yes
ac_cv_header_memory_h=yes
ac_cv_header_minix_config_h=no
ac_cv_header_net_if6_h=no
ac_cv_header_net_if_dl_h=no
ac_cv_header_regex_h=yes
ac_cv_header_stdc=yes
ac_cv_header_stdint_h=yes
ac_cv_header_stdlib_h=yes
ac_cv_header_string_h=yes
ac_cv_header_strings_h=yes
ac_cv_header_sys_socket_h=yes
ac_cv_header_sys_stat_h=yes
ac_cv_header_sys_types_h=yes
ac_cv_header_unistd_h=yes
ac_cv_host=x86_64-unknown-linux-gnu
ac_cv_member_struct_msghdr_msg_control=yes
ac_cv_member_struct_sockaddr_sa_len=no
ac_cv_member_struct_tpacket_auxdata_tp_vlan_tci=yes
ac_cv_objext=o
ac_cv_path_AR=/usr/bin/ar
ac_cv_path_EGREP='/bin/grep -E'
ac_cv_path_GREP=/bin/grep
ac_cv_path_install='/usr/bin/install -c'
ac_cv_path_mkdir=/bin/mkdir
ac_cv_prog_AWK=gawk
ac_cv_prog_CPP='gcc -E'
ac_cv_prog_ac_ct_CC=gcc
ac_cv_prog_ac_ct_RANLIB=ranlib
ac_cv_prog_cc_c89=
ac_cv_prog_cc_g=yes
ac_cv_prog_make_make_set=yes
ac_cv_safe_to_define___extensions__=yes
ac_cv_search_if_nametoindex='none required'
ac_cv_search_inet_aton='none required'
ac_cv_search_inet_ntoa='none required'
ac_cv_search_regcomp='none required'
ac_cv_search_socket='none required'
ac_cv_sizeof_struct_iaddr_p=8
ac_cv_type_u_int16_t=yes
ac_cv_type_u_int32_t=yes
ac_cv_type_u_int64_t=yes
ac_cv_type_u_int8_t=yes
am_cv_CC_dependencies_compiler_type=gcc3
am_cv_make_support_nested_variables=yes
am_cv_prog_cc_c_o=yes

## ----------------- ##
## Output variables. ##
## ----------------- ##

A='a'
ACLOCAL='${SHELL} /root/iscdhcp/dhcp-4.4.1/missing aclocal-1.15'
AMDEPBACKSLASH='\'
AMDEP_FALSE='#'
AMDEP_TRUE=''
AMTAR='$${TAR-tar}'
AM_BACKSLASH='\'
AM_DEFAULT_V='$(AM_DEFAULT_VERBOSITY)'
AM_DEFAULT_VERBOSITY='1'
AM_V='$(V)'
AR='/usr/bin/ar'
ATF_BIN=''
ATF_CFLAGS=''
ATF_LDFLAGS=''
AUTOCONF='${SHELL} /root/iscdhcp/dhcp-4.4.1/missing autoconf'
AUTOHEADER='${SHELL} /root/iscdhcp/dhcp-4.4.1/missing autoheader'
AUTOMAKE='${SHELL} /root/iscdhcp/dhcp-4.4.1/missing automake-1.15'
AWK='gawk'
BINDCONFIG=' --with-randomdev=/dev/random'
BINDDIR='/root/iscdhcp/dhcp-4.4.1/bind'
BINDIOMUX='--disable-kqueue --disable-epoll --disable-devpoll'
BINDLIBDNSDIR='/root/iscdhcp/dhcp-4.4.1/bind/bind-9.11.2-P1/lib/dns'
BINDLIBIRSDIR='/root/iscdhcp/dhcp-4.4.1/bind/bind-9.11.2-P1/lib/irs'
BINDLIBISCCFGDIR='/root/iscdhcp/dhcp-4.4.1/bind/bind-9.11.2-P1/lib/isccfg'
BINDLIBISCDIR='/root/iscdhcp/dhcp-4.4.1/bind/bind-9.11.2-P1/lib/isc'
BINDLT=''
BINDSRCDIR='/root/iscdhcp/dhcp-4.4.1/bind/bind-9.11.2-P1'
BINDSUBDIR='${top_srcdir}/bind'
BIND_ATF_FALSE=''
BIND_ATF_TRUE='#'
CC='gcc'
CCDEPMODE='depmode=gcc3'
CFLAGS='-g -O2  -Wall -Werror -fno-strict-aliasing -I$(top_srcdir)/includes -I/root/iscdhcp/dhcp-4.4.1/bind/include'
CPP='gcc -E'
CPPFLAGS=''
CYGPATH_W='echo'
DEFS='-DHAVE_CONFIG_H'
DEPDIR='.deps'
DHLIBS='LIBRARIES'
DISTCHECK_ATF_CONFIGURE_FLAG=''
DISTCHECK_LIBBIND_CONFIGURE_FLAG=''
DISTCHECK_LIBTOOL_CONFIGURE_FLAG=''
ECHO_C=''
ECHO_N='-n'
ECHO_T=''
EGREP='/bin/grep -E'
EXEEXT=''
GREP='/bin/grep'
HAVE_ATF_FALSE=''
HAVE_ATF_TRUE='#'
HAVE_BINDDIR_FALSE='#'
HAVE_BINDDIR_TRUE=''
INSTALL_BIND_FALSE=''
INSTALL_BIND_TRUE='#'
INSTALL_DATA='${INSTALL} -m 644'
INSTALL_PROGRAM='${INSTALL}'
INSTALL_SCRIPT='${INSTALL}'
INSTALL_STRIP_PROGRAM='$(install_sh) -c -s'
LDAP_CFLAGS=''
LDAP_LIBS=''
LDFLAGS=''
LIBOBJS=''
LIBS=''
LTLIBOBJS=''
MAINT='#'
MAINTAINER_MODE_FALSE=''
MAINTAINER_MODE_TRUE='#'
MAKEINFO='${SHELL} /root/iscdhcp/dhcp-4.4.1/missing makeinfo'
MKDIR_P='/bin/mkdir -p'
OBJEXT='o'
PACKAGE='dhcp'
PACKAGE_BUGREPORT='dhcp-users@isc.org'
PACKAGE_NAME='DHCP'
PACKAGE_STRING='DHCP 4.4.1'
PACKAGE_TARNAME='dhcp'
PACKAGE_URL=''
PACKAGE_VERSION='4.4.1'
PATH_SEPARATOR=':'
Q='@'
RANLIB='ranlib'
SET_MAKE=''
SHELL='/bin/bash'
STRIP=''
UNITTESTS=''
VERSION='4.4.1'
ac_ct_CC='gcc'
ac_prefix_program=''
am__EXEEXT_FALSE=''
am__EXEEXT_TRUE='#'
am__fastdepCC_FALSE='#'
am__fastdepCC_TRUE=''
am__include='include'
am__isrc=''
am__leading_dot='.'
am__nodep='_no'
am__quote=''
am__tar='$${TAR-tar} chof - "$$tardir"'
am__untar='$${TAR-tar} xf -'
bindir='${exec_prefix}/bin'
build='x86_64-unknown-linux-gnu'
build_alias=''
build_cpu='x86_64'
build_os='linux-gnu'
build_vendor='unknown'
byte_order='LITTLE_ENDIAN'
datadir='${datarootdir}'
datarootdir='${prefix}/share'
docdir='${datarootdir}/doc/${PACKAGE_TARNAME}'
dvidir='${docdir}'
exec_prefix='${prefix}'
host='x86_64-unknown-linux-gnu'
host_alias=''
host_cpu='x86_64'
host_os='linux-gnu'
host_vendor='unknown'
htmldir='${docdir}'
includedir='${prefix}/include'
infodir='${datarootdir}/info'
install_sh='${SHELL} /root/iscdhcp/dhcp-4.4.1/install-sh'
libdir='${exec_prefix}/lib'
libexecdir='${exec_prefix}/libexec'
localedir='${datarootdir}/locale'
localstatedir='/var'
mandir='${datarootdir}/man'
mkdir_p='$(MKDIR_P)'
oldincludedir='/usr/include'
pdfdir='${docdir}'
pkgcfg_found=''
prefix='/usr'
program_transform_name='s,x,x,'
psdir='${docdir}'
sbindir='${exec_prefix}/sbin'
sharedstatedir='${prefix}/com'
sysconfdir='/etc/dhcp'
target_alias=''

## ----------- ##
## confdefs.h. ##
## ----------- ##

/* confdefs.h */
#define PACKAGE_NAME "DHCP"
#define PACKAGE_TARNAME "dhcp"
#define PACKAGE_VERSION "4.4.1"
#define PACKAGE_STRING "DHCP 4.4.1"
#define PACKAGE_BUGREPORT "dhcp-users@isc.org"
#define PACKAGE_URL ""
#define PACKAGE "dhcp"
#define VERSION "4.4.1"
#define STDC_HEADERS 1
#define HAVE_SYS_TYPES_H 1
#define HAVE_SYS_STAT_H 1
#define HAVE_STDLIB_H 1
#define HAVE_STRING_H 1
#define HAVE_MEMORY_H 1
#define HAVE_STRINGS_H 1
#define HAVE_INTTYPES_H 1
#define HAVE_STDINT_H 1
#define HAVE_UNISTD_H 1
#define __EXTENSIONS__ 1
#define _ALL_SOURCE 1
#define _GNU_SOURCE 1
#define _POSIX_PTHREAD_SEMANTICS 1
#define _TANDEM_SOURCE 1
#define DHCP_BYTE_ORDER LITTLE_ENDIAN
#define FAILOVER_PROTOCOL 1
#define ENABLE_EXECUTE 1
#define TRACING 1
#define DELAYED_ACK 1
#define DHCPv6 1
#define _PATH_DHCPD_DB "/var/lib/dhcpd/dhcpd.leases"
#define _PATH_DHCPD6_DB "/var/lib/dhcpd/dhcpd6.leases"
#define _PATH_DHCLIENT_DB "/var/lib/dhclient/dhclient.leases"
#define _PATH_DHCLIENT6_DB "/var/lib/dhclient/dhclient6.leases"
#define HAVE_IFADDRS_H 1
#define HAVE_LINUX_TYPES_H 1
#define HAVE_LPF 1
#define ISC_DHCP_NORETURN __attribute__((noreturn))
#define HAVE_SYS_SOCKET_H 1
#define HAVE_REGEX_H 1
#define HAVE_DEV_RANDOM 1
#define SIZEOF_STRUCT_IADDR_P 8
#define VLAN_TCI_PRESENT 1
#define FLEXIBLE_ARRAY_MEMBER /**/

configure: exit 0
