make[2]: Entering directory `/root/iscdhcp/dhcp-4.4.1/bind/bind-9.11.2-P1/lib/isc'
making all in /root/iscdhcp/dhcp-4.4.1/bind/bind-9.11.2-P1/lib/isc/include
make[3]: Entering directory `/root/iscdhcp/dhcp-4.4.1/bind/bind-9.11.2-P1/lib/isc/include'
making all in /root/iscdhcp/dhcp-4.4.1/bind/bind-9.11.2-P1/lib/isc/include/isc
make[4]: Entering directory `/root/iscdhcp/dhcp-4.4.1/bind/bind-9.11.2-P1/lib/isc/include/isc'
make[4]: Leaving directory `/root/iscdhcp/dhcp-4.4.1/bind/bind-9.11.2-P1/lib/isc/include/isc'
making all in /root/iscdhcp/dhcp-4.4.1/bind/bind-9.11.2-P1/lib/isc/include/pk11
make[4]: Entering directory `/root/iscdhcp/dhcp-4.4.1/bind/bind-9.11.2-P1/lib/isc/include/pk11'
make[4]: Leaving directory `/root/iscdhcp/dhcp-4.4.1/bind/bind-9.11.2-P1/lib/isc/include/pk11'
making all in /root/iscdhcp/dhcp-4.4.1/bind/bind-9.11.2-P1/lib/isc/include/pkcs11
make[4]: Entering directory `/root/iscdhcp/dhcp-4.4.1/bind/bind-9.11.2-P1/lib/isc/include/pkcs11'
make[4]: Leaving directory `/root/iscdhcp/dhcp-4.4.1/bind/bind-9.11.2-P1/lib/isc/include/pkcs11'
make[3]: Leaving directory `/root/iscdhcp/dhcp-4.4.1/bind/bind-9.11.2-P1/lib/isc/include'
making all in /root/iscdhcp/dhcp-4.4.1/bind/bind-9.11.2-P1/lib/isc/unix
make[3]: Entering directory `/root/iscdhcp/dhcp-4.4.1/bind/bind-9.11.2-P1/lib/isc/unix'
making all in /root/iscdhcp/dhcp-4.4.1/bind/bind-9.11.2-P1/lib/isc/unix/include
make[4]: Entering directory `/root/iscdhcp/dhcp-4.4.1/bind/bind-9.11.2-P1/lib/isc/unix/include'
making all in /root/iscdhcp/dhcp-4.4.1/bind/bind-9.11.2-P1/lib/isc/unix/include/isc
make[5]: Entering directory `/root/iscdhcp/dhcp-4.4.1/bind/bind-9.11.2-P1/lib/isc/unix/include/isc'
make[5]: Leaving directory `/root/iscdhcp/dhcp-4.4.1/bind/bind-9.11.2-P1/lib/isc/unix/include/isc'
making all in /root/iscdhcp/dhcp-4.4.1/bind/bind-9.11.2-P1/lib/isc/unix/include/pkcs11
make[5]: Entering directory `/root/iscdhcp/dhcp-4.4.1/bind/bind-9.11.2-P1/lib/isc/unix/include/pkcs11'
make[5]: Leaving directory `/root/iscdhcp/dhcp-4.4.1/bind/bind-9.11.2-P1/lib/isc/unix/include/pkcs11'
make[4]: Leaving directory `/root/iscdhcp/dhcp-4.4.1/bind/bind-9.11.2-P1/lib/isc/unix/include'
make[3]: Leaving directory `/root/iscdhcp/dhcp-4.4.1/bind/bind-9.11.2-P1/lib/isc/unix'
making all in /root/iscdhcp/dhcp-4.4.1/bind/bind-9.11.2-P1/lib/isc/nls
make[3]: Entering directory `/root/iscdhcp/dhcp-4.4.1/bind/bind-9.11.2-P1/lib/isc/nls'
make[3]: Leaving directory `/root/iscdhcp/dhcp-4.4.1/bind/bind-9.11.2-P1/lib/isc/nls'
making all in /root/iscdhcp/dhcp-4.4.1/bind/bind-9.11.2-P1/lib/isc/nothreads
make[3]: Entering directory `/root/iscdhcp/dhcp-4.4.1/bind/bind-9.11.2-P1/lib/isc/nothreads'
making all in /root/iscdhcp/dhcp-4.4.1/bind/bind-9.11.2-P1/lib/isc/nothreads/include
make[4]: Entering directory `/root/iscdhcp/dhcp-4.4.1/bind/bind-9.11.2-P1/lib/isc/nothreads/include'
making all in /root/iscdhcp/dhcp-4.4.1/bind/bind-9.11.2-P1/lib/isc/nothreads/include/isc
make[5]: Entering directory `/root/iscdhcp/dhcp-4.4.1/bind/bind-9.11.2-P1/lib/isc/nothreads/include/isc'
make[5]: Leaving directory `/root/iscdhcp/dhcp-4.4.1/bind/bind-9.11.2-P1/lib/isc/nothreads/include/isc'
make[4]: Leaving directory `/root/iscdhcp/dhcp-4.4.1/bind/bind-9.11.2-P1/lib/isc/nothreads/include'
make[3]: Leaving directory `/root/iscdhcp/dhcp-4.4.1/bind/bind-9.11.2-P1/lib/isc/nothreads'
making all in /root/iscdhcp/dhcp-4.4.1/bind/bind-9.11.2-P1/lib/isc/x86_32
make[3]: Entering directory `/root/iscdhcp/dhcp-4.4.1/bind/bind-9.11.2-P1/lib/isc/x86_32'
making all in /root/iscdhcp/dhcp-4.4.1/bind/bind-9.11.2-P1/lib/isc/x86_32/include
make[4]: Entering directory `/root/iscdhcp/dhcp-4.4.1/bind/bind-9.11.2-P1/lib/isc/x86_32/include'
making all in /root/iscdhcp/dhcp-4.4.1/bind/bind-9.11.2-P1/lib/isc/x86_32/include/isc
make[5]: Entering directory `/root/iscdhcp/dhcp-4.4.1/bind/bind-9.11.2-P1/lib/isc/x86_32/include/isc'
make[5]: Leaving directory `/root/iscdhcp/dhcp-4.4.1/bind/bind-9.11.2-P1/lib/isc/x86_32/include/isc'
make[4]: Leaving directory `/root/iscdhcp/dhcp-4.4.1/bind/bind-9.11.2-P1/lib/isc/x86_32/include'
make[3]: Leaving directory `/root/iscdhcp/dhcp-4.4.1/bind/bind-9.11.2-P1/lib/isc/x86_32'
making install in /root/iscdhcp/dhcp-4.4.1/bind/bind-9.11.2-P1/lib/isc/include
make[3]: Entering directory `/root/iscdhcp/dhcp-4.4.1/bind/bind-9.11.2-P1/lib/isc/include'
making all in /root/iscdhcp/dhcp-4.4.1/bind/bind-9.11.2-P1/lib/isc/include/isc
make[4]: Entering directory `/root/iscdhcp/dhcp-4.4.1/bind/bind-9.11.2-P1/lib/isc/include/isc'
make[4]: Leaving directory `/root/iscdhcp/dhcp-4.4.1/bind/bind-9.11.2-P1/lib/isc/include/isc'
making all in /root/iscdhcp/dhcp-4.4.1/bind/bind-9.11.2-P1/lib/isc/include/pk11
make[4]: Entering directory `/root/iscdhcp/dhcp-4.4.1/bind/bind-9.11.2-P1/lib/isc/include/pk11'
make[4]: Leaving directory `/root/iscdhcp/dhcp-4.4.1/bind/bind-9.11.2-P1/lib/isc/include/pk11'
making all in /root/iscdhcp/dhcp-4.4.1/bind/bind-9.11.2-P1/lib/isc/include/pkcs11
make[4]: Entering directory `/root/iscdhcp/dhcp-4.4.1/bind/bind-9.11.2-P1/lib/isc/include/pkcs11'
make[4]: Leaving directory `/root/iscdhcp/dhcp-4.4.1/bind/bind-9.11.2-P1/lib/isc/include/pkcs11'
making install in /root/iscdhcp/dhcp-4.4.1/bind/bind-9.11.2-P1/lib/isc/include/isc
make[4]: Entering directory `/root/iscdhcp/dhcp-4.4.1/bind/bind-9.11.2-P1/lib/isc/include/isc'
/bin/bash ../../../../mkinstalldirs /root/iscdhcp/dhcp-4.4.1/bind/include/isc
for i in aes.h app.h assertions.h backtrace.h base32.h base64.h bind9.h boolean.h buffer.h bufferlist.h commandline.h counter.h crc64.h entropy.h errno.h error.h event.h eventclass.h file.h formatcheck.h fsaccess.h hash.h heap.h hex.h hmacmd5.h hmacsha.h ht.h httpd.h interfaceiter.h  iterated_hash.h json.h lang.h lex.h lfsr.h lib.h list.h log.h magic.h md5.h mem.h meminfo.h msgcat.h msgs.h mutexblock.h netaddr.h netscope.h ondestroy.h os.h parseint.h pool.h portset.h print.h queue.h quota.h radix.h random.h ratelimiter.h refcount.h regex.h region.h resource.h result.h resultclass.h rwlock.h safe.h serial.h sha1.h sha2.h sockaddr.h socket.h stats.h stdio.h stdlib.h string.h symtab.h task.h taskpool.h timer.h tm.h types.h util.h version.h xml.h; do \
		/usr/bin/install -c -m 644 ./$i /root/iscdhcp/dhcp-4.4.1/bind/include/isc ; \
	done
/usr/bin/install -c -m 644 platform.h /root/iscdhcp/dhcp-4.4.1/bind/include/isc
make[4]: Leaving directory `/root/iscdhcp/dhcp-4.4.1/bind/bind-9.11.2-P1/lib/isc/include/isc'
making install in /root/iscdhcp/dhcp-4.4.1/bind/bind-9.11.2-P1/lib/isc/include/pk11
make[4]: Entering directory `/root/iscdhcp/dhcp-4.4.1/bind/bind-9.11.2-P1/lib/isc/include/pk11'
/bin/bash ../../../../mkinstalldirs /root/iscdhcp/dhcp-4.4.1/bind/include/pk11
for i in constants.h internal.h pk11.h result.h site.h; do \
		/usr/bin/install -c -m 644 ./$i /root/iscdhcp/dhcp-4.4.1/bind/include/pk11 ; \
	done
make[4]: Leaving directory `/root/iscdhcp/dhcp-4.4.1/bind/bind-9.11.2-P1/lib/isc/include/pk11'
making install in /root/iscdhcp/dhcp-4.4.1/bind/bind-9.11.2-P1/lib/isc/include/pkcs11
make[4]: Entering directory `/root/iscdhcp/dhcp-4.4.1/bind/bind-9.11.2-P1/lib/isc/include/pkcs11'
/bin/bash ../../../../mkinstalldirs /root/iscdhcp/dhcp-4.4.1/bind/include/pkcs11
for i in pkcs11f.h pkcs11.h pkcs11t.h; do \
		/usr/bin/install -c -m 644 ./$i /root/iscdhcp/dhcp-4.4.1/bind/include/pkcs11 ; \
	done
make[4]: Leaving directory `/root/iscdhcp/dhcp-4.4.1/bind/bind-9.11.2-P1/lib/isc/include/pkcs11'
make[3]: Leaving directory `/root/iscdhcp/dhcp-4.4.1/bind/bind-9.11.2-P1/lib/isc/include'
making install in /root/iscdhcp/dhcp-4.4.1/bind/bind-9.11.2-P1/lib/isc/unix
make[3]: Entering directory `/root/iscdhcp/dhcp-4.4.1/bind/bind-9.11.2-P1/lib/isc/unix'
making all in /root/iscdhcp/dhcp-4.4.1/bind/bind-9.11.2-P1/lib/isc/unix/include
make[4]: Entering directory `/root/iscdhcp/dhcp-4.4.1/bind/bind-9.11.2-P1/lib/isc/unix/include'
making all in /root/iscdhcp/dhcp-4.4.1/bind/bind-9.11.2-P1/lib/isc/unix/include/isc
make[5]: Entering directory `/root/iscdhcp/dhcp-4.4.1/bind/bind-9.11.2-P1/lib/isc/unix/include/isc'
make[5]: Leaving directory `/root/iscdhcp/dhcp-4.4.1/bind/bind-9.11.2-P1/lib/isc/unix/include/isc'
making all in /root/iscdhcp/dhcp-4.4.1/bind/bind-9.11.2-P1/lib/isc/unix/include/pkcs11
make[5]: Entering directory `/root/iscdhcp/dhcp-4.4.1/bind/bind-9.11.2-P1/lib/isc/unix/include/pkcs11'
make[5]: Leaving directory `/root/iscdhcp/dhcp-4.4.1/bind/bind-9.11.2-P1/lib/isc/unix/include/pkcs11'
make[4]: Leaving directory `/root/iscdhcp/dhcp-4.4.1/bind/bind-9.11.2-P1/lib/isc/unix/include'
making install in /root/iscdhcp/dhcp-4.4.1/bind/bind-9.11.2-P1/lib/isc/unix/include
make[4]: Entering directory `/root/iscdhcp/dhcp-4.4.1/bind/bind-9.11.2-P1/lib/isc/unix/include'
making all in /root/iscdhcp/dhcp-4.4.1/bind/bind-9.11.2-P1/lib/isc/unix/include/isc
make[5]: Entering directory `/root/iscdhcp/dhcp-4.4.1/bind/bind-9.11.2-P1/lib/isc/unix/include/isc'
make[5]: Leaving directory `/root/iscdhcp/dhcp-4.4.1/bind/bind-9.11.2-P1/lib/isc/unix/include/isc'
making all in /root/iscdhcp/dhcp-4.4.1/bind/bind-9.11.2-P1/lib/isc/unix/include/pkcs11
make[5]: Entering directory `/root/iscdhcp/dhcp-4.4.1/bind/bind-9.11.2-P1/lib/isc/unix/include/pkcs11'
make[5]: Leaving directory `/root/iscdhcp/dhcp-4.4.1/bind/bind-9.11.2-P1/lib/isc/unix/include/pkcs11'
making install in /root/iscdhcp/dhcp-4.4.1/bind/bind-9.11.2-P1/lib/isc/unix/include/isc
make[5]: Entering directory `/root/iscdhcp/dhcp-4.4.1/bind/bind-9.11.2-P1/lib/isc/unix/include/isc'
/bin/bash ../../../../../mkinstalldirs /root/iscdhcp/dhcp-4.4.1/bind/include/isc
for i in dir.h int.h keyboard.h net.h netdb.h offset.h stat.h stdtime.h strerror.h syslog.h time.h; do \
		/usr/bin/install -c -m 644 ./$i /root/iscdhcp/dhcp-4.4.1/bind/include/isc ; \
	done
make[5]: Leaving directory `/root/iscdhcp/dhcp-4.4.1/bind/bind-9.11.2-P1/lib/isc/unix/include/isc'
making install in /root/iscdhcp/dhcp-4.4.1/bind/bind-9.11.2-P1/lib/isc/unix/include/pkcs11
make[5]: Entering directory `/root/iscdhcp/dhcp-4.4.1/bind/bind-9.11.2-P1/lib/isc/unix/include/pkcs11'
/bin/bash ../../../../../mkinstalldirs /root/iscdhcp/dhcp-4.4.1/bind/include/pkcs11
for i in cryptoki.h; do \
		/usr/bin/install -c -m 644 ./$i /root/iscdhcp/dhcp-4.4.1/bind/include/pkcs11 ; \
	done
make[5]: Leaving directory `/root/iscdhcp/dhcp-4.4.1/bind/bind-9.11.2-P1/lib/isc/unix/include/pkcs11'
make[4]: Leaving directory `/root/iscdhcp/dhcp-4.4.1/bind/bind-9.11.2-P1/lib/isc/unix/include'
make[3]: Leaving directory `/root/iscdhcp/dhcp-4.4.1/bind/bind-9.11.2-P1/lib/isc/unix'
making install in /root/iscdhcp/dhcp-4.4.1/bind/bind-9.11.2-P1/lib/isc/nls
make[3]: Entering directory `/root/iscdhcp/dhcp-4.4.1/bind/bind-9.11.2-P1/lib/isc/nls'
make[3]: Leaving directory `/root/iscdhcp/dhcp-4.4.1/bind/bind-9.11.2-P1/lib/isc/nls'
making install in /root/iscdhcp/dhcp-4.4.1/bind/bind-9.11.2-P1/lib/isc/nothreads
make[3]: Entering directory `/root/iscdhcp/dhcp-4.4.1/bind/bind-9.11.2-P1/lib/isc/nothreads'
making all in /root/iscdhcp/dhcp-4.4.1/bind/bind-9.11.2-P1/lib/isc/nothreads/include
make[4]: Entering directory `/root/iscdhcp/dhcp-4.4.1/bind/bind-9.11.2-P1/lib/isc/nothreads/include'
making all in /root/iscdhcp/dhcp-4.4.1/bind/bind-9.11.2-P1/lib/isc/nothreads/include/isc
make[5]: Entering directory `/root/iscdhcp/dhcp-4.4.1/bind/bind-9.11.2-P1/lib/isc/nothreads/include/isc'
make[5]: Leaving directory `/root/iscdhcp/dhcp-4.4.1/bind/bind-9.11.2-P1/lib/isc/nothreads/include/isc'
make[4]: Leaving directory `/root/iscdhcp/dhcp-4.4.1/bind/bind-9.11.2-P1/lib/isc/nothreads/include'
making install in /root/iscdhcp/dhcp-4.4.1/bind/bind-9.11.2-P1/lib/isc/nothreads/include
make[4]: Entering directory `/root/iscdhcp/dhcp-4.4.1/bind/bind-9.11.2-P1/lib/isc/nothreads/include'
making all in /root/iscdhcp/dhcp-4.4.1/bind/bind-9.11.2-P1/lib/isc/nothreads/include/isc
make[5]: Entering directory `/root/iscdhcp/dhcp-4.4.1/bind/bind-9.11.2-P1/lib/isc/nothreads/include/isc'
make[5]: Leaving directory `/root/iscdhcp/dhcp-4.4.1/bind/bind-9.11.2-P1/lib/isc/nothreads/include/isc'
making install in /root/iscdhcp/dhcp-4.4.1/bind/bind-9.11.2-P1/lib/isc/nothreads/include/isc
make[5]: Entering directory `/root/iscdhcp/dhcp-4.4.1/bind/bind-9.11.2-P1/lib/isc/nothreads/include/isc'
/bin/bash ../../../../../mkinstalldirs /root/iscdhcp/dhcp-4.4.1/bind/include/isc
for i in condition.h mutex.h once.h thread.h; do \
		/usr/bin/install -c -m 644 ./$i /root/iscdhcp/dhcp-4.4.1/bind/include/isc ; \
	done
make[5]: Leaving directory `/root/iscdhcp/dhcp-4.4.1/bind/bind-9.11.2-P1/lib/isc/nothreads/include/isc'
make[4]: Leaving directory `/root/iscdhcp/dhcp-4.4.1/bind/bind-9.11.2-P1/lib/isc/nothreads/include'
make[3]: Leaving directory `/root/iscdhcp/dhcp-4.4.1/bind/bind-9.11.2-P1/lib/isc/nothreads'
making install in /root/iscdhcp/dhcp-4.4.1/bind/bind-9.11.2-P1/lib/isc/x86_32
make[3]: Entering directory `/root/iscdhcp/dhcp-4.4.1/bind/bind-9.11.2-P1/lib/isc/x86_32'
making all in /root/iscdhcp/dhcp-4.4.1/bind/bind-9.11.2-P1/lib/isc/x86_32/include
make[4]: Entering directory `/root/iscdhcp/dhcp-4.4.1/bind/bind-9.11.2-P1/lib/isc/x86_32/include'
making all in /root/iscdhcp/dhcp-4.4.1/bind/bind-9.11.2-P1/lib/isc/x86_32/include/isc
make[5]: Entering directory `/root/iscdhcp/dhcp-4.4.1/bind/bind-9.11.2-P1/lib/isc/x86_32/include/isc'
make[5]: Leaving directory `/root/iscdhcp/dhcp-4.4.1/bind/bind-9.11.2-P1/lib/isc/x86_32/include/isc'
make[4]: Leaving directory `/root/iscdhcp/dhcp-4.4.1/bind/bind-9.11.2-P1/lib/isc/x86_32/include'
making install in /root/iscdhcp/dhcp-4.4.1/bind/bind-9.11.2-P1/lib/isc/x86_32/include
make[4]: Entering directory `/root/iscdhcp/dhcp-4.4.1/bind/bind-9.11.2-P1/lib/isc/x86_32/include'
making all in /root/iscdhcp/dhcp-4.4.1/bind/bind-9.11.2-P1/lib/isc/x86_32/include/isc
make[5]: Entering directory `/root/iscdhcp/dhcp-4.4.1/bind/bind-9.11.2-P1/lib/isc/x86_32/include/isc'
make[5]: Leaving directory `/root/iscdhcp/dhcp-4.4.1/bind/bind-9.11.2-P1/lib/isc/x86_32/include/isc'
making install in /root/iscdhcp/dhcp-4.4.1/bind/bind-9.11.2-P1/lib/isc/x86_32/include/isc
make[5]: Entering directory `/root/iscdhcp/dhcp-4.4.1/bind/bind-9.11.2-P1/lib/isc/x86_32/include/isc'
/bin/bash ../../../../../mkinstalldirs /root/iscdhcp/dhcp-4.4.1/bind/include/isc
for i in atomic.h; do \
		/usr/bin/install -c -m 644 ./$i /root/iscdhcp/dhcp-4.4.1/bind/include/isc ; \
	done
make[5]: Leaving directory `/root/iscdhcp/dhcp-4.4.1/bind/bind-9.11.2-P1/lib/isc/x86_32/include/isc'
make[4]: Leaving directory `/root/iscdhcp/dhcp-4.4.1/bind/bind-9.11.2-P1/lib/isc/x86_32/include'
make[3]: Leaving directory `/root/iscdhcp/dhcp-4.4.1/bind/bind-9.11.2-P1/lib/isc/x86_32'
/bin/bash ../../mkinstalldirs /root/iscdhcp/dhcp-4.4.1/bind/lib
/usr/bin/install -c -m 644 libisc.a /root/iscdhcp/dhcp-4.4.1/bind/lib
make[2]: Leaving directory `/root/iscdhcp/dhcp-4.4.1/bind/bind-9.11.2-P1/lib/isc'
make[2]: Entering directory `/root/iscdhcp/dhcp-4.4.1/bind/bind-9.11.2-P1/lib/dns'
make include/dns/enumtype.h
make[3]: Entering directory `/root/iscdhcp/dhcp-4.4.1/bind/bind-9.11.2-P1/lib/dns'
make[3]: `include/dns/enumtype.h' is up to date.
make[3]: Leaving directory `/root/iscdhcp/dhcp-4.4.1/bind/bind-9.11.2-P1/lib/dns'
make include/dns/enumclass.h
make[3]: Entering directory `/root/iscdhcp/dhcp-4.4.1/bind/bind-9.11.2-P1/lib/dns'
make[3]: `include/dns/enumclass.h' is up to date.
make[3]: Leaving directory `/root/iscdhcp/dhcp-4.4.1/bind/bind-9.11.2-P1/lib/dns'
make include/dns/rdatastruct.h
make[3]: Entering directory `/root/iscdhcp/dhcp-4.4.1/bind/bind-9.11.2-P1/lib/dns'
make[3]: `include/dns/rdatastruct.h' is up to date.
make[3]: Leaving directory `/root/iscdhcp/dhcp-4.4.1/bind/bind-9.11.2-P1/lib/dns'
make code.h
make[3]: Entering directory `/root/iscdhcp/dhcp-4.4.1/bind/bind-9.11.2-P1/lib/dns'
make[3]: `code.h' is up to date.
make[3]: Leaving directory `/root/iscdhcp/dhcp-4.4.1/bind/bind-9.11.2-P1/lib/dns'
making all in /root/iscdhcp/dhcp-4.4.1/bind/bind-9.11.2-P1/lib/dns/include
make[3]: Entering directory `/root/iscdhcp/dhcp-4.4.1/bind/bind-9.11.2-P1/lib/dns/include'
making all in /root/iscdhcp/dhcp-4.4.1/bind/bind-9.11.2-P1/lib/dns/include/dns
make[4]: Entering directory `/root/iscdhcp/dhcp-4.4.1/bind/bind-9.11.2-P1/lib/dns/include/dns'
make[4]: Leaving directory `/root/iscdhcp/dhcp-4.4.1/bind/bind-9.11.2-P1/lib/dns/include/dns'
making all in /root/iscdhcp/dhcp-4.4.1/bind/bind-9.11.2-P1/lib/dns/include/dst
make[4]: Entering directory `/root/iscdhcp/dhcp-4.4.1/bind/bind-9.11.2-P1/lib/dns/include/dst'
make[4]: Leaving directory `/root/iscdhcp/dhcp-4.4.1/bind/bind-9.11.2-P1/lib/dns/include/dst'
make[3]: Leaving directory `/root/iscdhcp/dhcp-4.4.1/bind/bind-9.11.2-P1/lib/dns/include'
making install in /root/iscdhcp/dhcp-4.4.1/bind/bind-9.11.2-P1/lib/dns/include
make[3]: Entering directory `/root/iscdhcp/dhcp-4.4.1/bind/bind-9.11.2-P1/lib/dns/include'
making all in /root/iscdhcp/dhcp-4.4.1/bind/bind-9.11.2-P1/lib/dns/include/dns
make[4]: Entering directory `/root/iscdhcp/dhcp-4.4.1/bind/bind-9.11.2-P1/lib/dns/include/dns'
make[4]: Leaving directory `/root/iscdhcp/dhcp-4.4.1/bind/bind-9.11.2-P1/lib/dns/include/dns'
making all in /root/iscdhcp/dhcp-4.4.1/bind/bind-9.11.2-P1/lib/dns/include/dst
make[4]: Entering directory `/root/iscdhcp/dhcp-4.4.1/bind/bind-9.11.2-P1/lib/dns/include/dst'
make[4]: Leaving directory `/root/iscdhcp/dhcp-4.4.1/bind/bind-9.11.2-P1/lib/dns/include/dst'
making install in /root/iscdhcp/dhcp-4.4.1/bind/bind-9.11.2-P1/lib/dns/include/dns
make[4]: Entering directory `/root/iscdhcp/dhcp-4.4.1/bind/bind-9.11.2-P1/lib/dns/include/dns'
/bin/bash ../../../../mkinstalldirs /root/iscdhcp/dhcp-4.4.1/bind/include/dns
for i in acache.h acl.h adb.h badcache.h bit.h byaddr.h cache.h callbacks.h catz.h cert.h client.h clientinfo.h compress.h db.h dbiterator.h dbtable.h diff.h dispatch.h dlz.h dlz_dlopen.h dns64.h dnssec.h ds.h dsdigest.h dnstap.h dyndb.h edns.h ecdb.h events.h fixedname.h forward.h geoip.h ipkeylist.h iptable.h journal.h keydata.h keyflags.h keytable.h keyvalues.h lib.h lookup.h log.h master.h masterdump.h message.h name.h ncache.h nsec.h nsec3.h nta.h opcode.h order.h peer.h portlist.h private.h rbt.h rcode.h rdata.h rdataclass.h rdatalist.h rdataset.h rdatasetiter.h rdataslab.h rdatatype.h request.h resolver.h result.h rootns.h rpz.h rriterator.h rrl.h sdb.h sdlz.h secalg.h secproto.h soa.h ssu.h stats.h tcpmsg.h time.h timer.h tkey.h tsec.h tsig.h ttl.h types.h update.h validator.h version.h view.h xfrin.h zone.h zonekey.h zt.h; do \
		/usr/bin/install -c -m 644 ./$i /root/iscdhcp/dhcp-4.4.1/bind/include/dns ; \
	done
for i in enumclass.h enumtype.h rdatastruct.h; do \
		/usr/bin/install -c -m 644 $i /root/iscdhcp/dhcp-4.4.1/bind/include/dns ; \
	done
make[4]: Leaving directory `/root/iscdhcp/dhcp-4.4.1/bind/bind-9.11.2-P1/lib/dns/include/dns'
making install in /root/iscdhcp/dhcp-4.4.1/bind/bind-9.11.2-P1/lib/dns/include/dst
make[4]: Entering directory `/root/iscdhcp/dhcp-4.4.1/bind/bind-9.11.2-P1/lib/dns/include/dst'
/bin/bash ../../../../mkinstalldirs /root/iscdhcp/dhcp-4.4.1/bind/include/dst
for i in dst.h gssapi.h lib.h result.h; do \
		/usr/bin/install -c -m 644 ./$i /root/iscdhcp/dhcp-4.4.1/bind/include/dst ; \
	done
make[4]: Leaving directory `/root/iscdhcp/dhcp-4.4.1/bind/bind-9.11.2-P1/lib/dns/include/dst'
make[3]: Leaving directory `/root/iscdhcp/dhcp-4.4.1/bind/bind-9.11.2-P1/lib/dns/include'
/bin/bash ../../mkinstalldirs /root/iscdhcp/dhcp-4.4.1/bind/lib
/usr/bin/install -c -m 644 libdns.a /root/iscdhcp/dhcp-4.4.1/bind/lib
make[2]: Leaving directory `/root/iscdhcp/dhcp-4.4.1/bind/bind-9.11.2-P1/lib/dns'
make[2]: Entering directory `/root/iscdhcp/dhcp-4.4.1/bind/bind-9.11.2-P1/lib/isccfg'
making all in /root/iscdhcp/dhcp-4.4.1/bind/bind-9.11.2-P1/lib/isccfg/include
make[3]: Entering directory `/root/iscdhcp/dhcp-4.4.1/bind/bind-9.11.2-P1/lib/isccfg/include'
making all in /root/iscdhcp/dhcp-4.4.1/bind/bind-9.11.2-P1/lib/isccfg/include/isccfg
make[4]: Entering directory `/root/iscdhcp/dhcp-4.4.1/bind/bind-9.11.2-P1/lib/isccfg/include/isccfg'
make[4]: Leaving directory `/root/iscdhcp/dhcp-4.4.1/bind/bind-9.11.2-P1/lib/isccfg/include/isccfg'
make[3]: Leaving directory `/root/iscdhcp/dhcp-4.4.1/bind/bind-9.11.2-P1/lib/isccfg/include'
making install in /root/iscdhcp/dhcp-4.4.1/bind/bind-9.11.2-P1/lib/isccfg/include
make[3]: Entering directory `/root/iscdhcp/dhcp-4.4.1/bind/bind-9.11.2-P1/lib/isccfg/include'
making all in /root/iscdhcp/dhcp-4.4.1/bind/bind-9.11.2-P1/lib/isccfg/include/isccfg
make[4]: Entering directory `/root/iscdhcp/dhcp-4.4.1/bind/bind-9.11.2-P1/lib/isccfg/include/isccfg'
make[4]: Leaving directory `/root/iscdhcp/dhcp-4.4.1/bind/bind-9.11.2-P1/lib/isccfg/include/isccfg'
making install in /root/iscdhcp/dhcp-4.4.1/bind/bind-9.11.2-P1/lib/isccfg/include/isccfg
make[4]: Entering directory `/root/iscdhcp/dhcp-4.4.1/bind/bind-9.11.2-P1/lib/isccfg/include/isccfg'
/bin/bash ../../../../mkinstalldirs /root/iscdhcp/dhcp-4.4.1/bind/include/isccfg
for i in aclconf.h cfg.h dnsconf.h grammar.h log.h namedconf.h version.h; do \
		/usr/bin/install -c -m 644 ./$i /root/iscdhcp/dhcp-4.4.1/bind/include/isccfg ; \
	done
make[4]: Leaving directory `/root/iscdhcp/dhcp-4.4.1/bind/bind-9.11.2-P1/lib/isccfg/include/isccfg'
make[3]: Leaving directory `/root/iscdhcp/dhcp-4.4.1/bind/bind-9.11.2-P1/lib/isccfg/include'
/bin/bash ../../mkinstalldirs /root/iscdhcp/dhcp-4.4.1/bind/lib
/usr/bin/install -c -m 644 libisccfg.a /root/iscdhcp/dhcp-4.4.1/bind/lib
make[2]: Leaving directory `/root/iscdhcp/dhcp-4.4.1/bind/bind-9.11.2-P1/lib/isccfg'
make[2]: Entering directory `/root/iscdhcp/dhcp-4.4.1/bind/bind-9.11.2-P1/lib/irs'
making all in /root/iscdhcp/dhcp-4.4.1/bind/bind-9.11.2-P1/lib/irs/include
make[3]: Entering directory `/root/iscdhcp/dhcp-4.4.1/bind/bind-9.11.2-P1/lib/irs/include'
making all in /root/iscdhcp/dhcp-4.4.1/bind/bind-9.11.2-P1/lib/irs/include/irs
make[4]: Entering directory `/root/iscdhcp/dhcp-4.4.1/bind/bind-9.11.2-P1/lib/irs/include/irs'
make[4]: Leaving directory `/root/iscdhcp/dhcp-4.4.1/bind/bind-9.11.2-P1/lib/irs/include/irs'
make[3]: Leaving directory `/root/iscdhcp/dhcp-4.4.1/bind/bind-9.11.2-P1/lib/irs/include'
making install in /root/iscdhcp/dhcp-4.4.1/bind/bind-9.11.2-P1/lib/irs/include
make[3]: Entering directory `/root/iscdhcp/dhcp-4.4.1/bind/bind-9.11.2-P1/lib/irs/include'
making all in /root/iscdhcp/dhcp-4.4.1/bind/bind-9.11.2-P1/lib/irs/include/irs
make[4]: Entering directory `/root/iscdhcp/dhcp-4.4.1/bind/bind-9.11.2-P1/lib/irs/include/irs'
make[4]: Leaving directory `/root/iscdhcp/dhcp-4.4.1/bind/bind-9.11.2-P1/lib/irs/include/irs'
making install in /root/iscdhcp/dhcp-4.4.1/bind/bind-9.11.2-P1/lib/irs/include/irs
make[4]: Entering directory `/root/iscdhcp/dhcp-4.4.1/bind/bind-9.11.2-P1/lib/irs/include/irs'
/bin/bash ../../../../mkinstalldirs /root/iscdhcp/dhcp-4.4.1/bind/include/irs
for i in context.h dnsconf.h resconf.h types.h version.h; do \
		/usr/bin/install -c -m 644 ./$i /root/iscdhcp/dhcp-4.4.1/bind/include/irs ; \
	done
/usr/bin/install -c -m 644 netdb.h /root/iscdhcp/dhcp-4.4.1/bind/include/irs
/usr/bin/install -c -m 644 platform.h /root/iscdhcp/dhcp-4.4.1/bind/include/irs
make[4]: Leaving directory `/root/iscdhcp/dhcp-4.4.1/bind/bind-9.11.2-P1/lib/irs/include/irs'
make[3]: Leaving directory `/root/iscdhcp/dhcp-4.4.1/bind/bind-9.11.2-P1/lib/irs/include'
/bin/bash ../../mkinstalldirs /root/iscdhcp/dhcp-4.4.1/bind/lib
/usr/bin/install -c -m 644 libirs.a /root/iscdhcp/dhcp-4.4.1/bind/lib
make[2]: Leaving directory `/root/iscdhcp/dhcp-4.4.1/bind/bind-9.11.2-P1/lib/irs'
